#
# There is insufficient memory for the Java Runtime Environment to continue.
# Native memory allocation (malloc) failed to allocate 32744 bytes for ChunkPool::allocate
# Possible reasons:
#   The system is out of physical RAM or swap space
#   The process is running with CompressedOops enabled, and the Java Heap may be blocking the growth of the native heap
# Possible solutions:
#   Reduce memory load on the system
#   Increase physical memory or swap space
#   Check if swap backing store is full
#   Decrease Java heap size (-Xmx/-Xms)
#   Decrease number of Java threads
#   Decrease Java thread stack sizes (-Xss)
#   Set larger code cache with -XX:ReservedCodeCacheSize=
#   JVM is running with Unscaled Compressed Oops mode in which the Java heap is
#     placed in the first 4GB address space. The Java Heap base address is the
#     maximum limit for the native heap growth. Please use -XX:HeapBaseMinAddress
#     to set the Java Heap base and to place the Java Heap above 4GB virtual address.
# This output file may be truncated or incomplete.
#
#  Out of Memory Error (./open/src/hotspot/share/memory/arena.cpp:81), pid=13252, tid=12168
#
# JRE version: Java(TM) SE Runtime Environment 18.9 (11.0.18+9) (build 11.0.18+9-LTS-195)
# Java VM: Java HotSpot(TM) 64-Bit Server VM 18.9 (11.0.18+9-LTS-195, mixed mode, tiered, compressed oops, g1 gc, windows-amd64)
# No core dump will be written. Minidumps are not enabled by default on client versions of Windows
#

---------------  S U M M A R Y ------------

Command Line: --add-opens=java.base/java.util=ALL-UNNAMED --add-opens=java.base/java.lang=ALL-UNNAMED --add-opens=java.base/java.lang.invoke=ALL-UNNAMED --add-opens=java.prefs/java.util.prefs=ALL-UNNAMED --add-opens=java.base/java.nio.charset=ALL-UNNAMED --add-opens=java.base/java.net=ALL-UNNAMED --add-opens=java.base/java.util.concurrent.atomic=ALL-UNNAMED -XX:MaxMetaspaceSize=384m -XX:+HeapDumpOnOutOfMemoryError -Xms256m -Xmx512m -Dfile.encoding=windows-1252 -Duser.country=US -Duser.language=en -Duser.variant -javaagent:C:\opt\Gradle\gradle-8.1.1\lib\agents\gradle-instrumentation-agent-8.1.1.jar org.gradle.launcher.daemon.bootstrap.GradleDaemon 8.1.1

Host: Intel(R) Core(TM) i7-7500U CPU @ 2.70GHz, 2 cores, 7G,  Windows 10 , 64 bit Build 19041 (10.0.19041.2364)
Time: Fri Jul 14 17:28:23 2023 Central Standard Time (Mexico) elapsed time: 2309.378646 seconds (0d 0h 38m 29s)

---------------  T H R E A D  ---------------

Current thread (0x00000137b3386800):  JavaThread "C2 CompilerThread0" daemon [_thread_in_native, id=12168, stack(0x000000209e700000,0x000000209e800000)]


Current CompileTask:
C2:2309378 10394       4       org.gradle.launcher.daemon.server.health.gc.GarbageCollectionCheck::run (198 bytes)

Stack: [0x000000209e700000,0x000000209e800000]
Native frames: (J=compiled Java code, j=interpreted, Vv=VM code, C=native code)
V  [jvm.dll+0x65d8aa]
V  [jvm.dll+0x79fc1f]
V  [jvm.dll+0x7a12e9]
V  [jvm.dll+0x7a1983]
V  [jvm.dll+0x2585b5]
V  [jvm.dll+0xb2abf]
V  [jvm.dll+0xb2e0c]
V  [jvm.dll+0x36aeec]
V  [jvm.dll+0x551984]
V  [jvm.dll+0x32eb44]
V  [jvm.dll+0x32defa]
V  [jvm.dll+0x2113ad]
V  [jvm.dll+0x210378]
V  [jvm.dll+0x18c641]
V  [jvm.dll+0x220609]
V  [jvm.dll+0x21e92c]
V  [jvm.dll+0x763f61]
V  [jvm.dll+0x75c924]
V  [jvm.dll+0x65c755]
C  [ucrtbase.dll+0x21bb2]
C  [KERNEL32.DLL+0x17614]
C  [ntdll.dll+0x526a1]


---------------  P R O C E S S  ---------------

Threads class SMR info:
_java_thread_list=0x00000137ba45d610, length=62, elements={
0x000001379989e000, 0x00000137b3360000, 0x00000137b3361000, 0x00000137b337f800,
0x00000137b3380800, 0x00000137b3382800, 0x00000137b3386800, 0x00000137b339d800,
0x00000137b3d2e000, 0x00000137b3d7a000, 0x00000137b5192800, 0x00000137b5b18800,
0x00000137b5d44800, 0x00000137b5c64800, 0x00000137b5c69800, 0x00000137b5c69000,
0x00000137b5c64000, 0x00000137b5c67000, 0x00000137b7d85000, 0x00000137b7d82800,
0x00000137b7d81000, 0x00000137b7d87800, 0x00000137b7d88000, 0x00000137b7d85800,
0x00000137b7d89000, 0x00000137b7d84000, 0x00000137b7d83800, 0x00000137b7d8e800,
0x00000137b7d8f800, 0x00000137b7d8a000, 0x00000137b7d8a800, 0x00000137b7d8c000,
0x00000137b7d8d000, 0x00000137b7d8e000, 0x00000137b5c6a800, 0x00000137b5c68000,
0x00000137b5c65800, 0x00000137b5c66800, 0x00000137b7b91000, 0x00000137b7b92000,
0x00000137b7b92800, 0x00000137b7b94800, 0x00000137b7b93800, 0x00000137b7b95000,
0x00000137b7b96000, 0x00000137b7b90800, 0x00000137b7b9b000, 0x00000137b7b99800,
0x00000137b7b97800, 0x00000137b7b98800, 0x00000137b7b9b800, 0x00000137b7b9a000,
0x00000137b7b9c800, 0x00000137b7b97000, 0x00000137b7b9d800, 0x00000137b7b9e000,
0x00000137b7b9f000, 0x00000137ba58c800, 0x00000137ba58e800, 0x00000137ba591000,
0x00000137ba58d800, 0x00000137ba590000
}

Java Threads: ( => current thread )
  0x000001379989e000 JavaThread "main" [_thread_blocked, id=8700, stack(0x000000209da00000,0x000000209db00000)]
  0x00000137b3360000 JavaThread "Reference Handler" daemon [_thread_blocked, id=10772, stack(0x000000209e200000,0x000000209e300000)]
  0x00000137b3361000 JavaThread "Finalizer" daemon [_thread_blocked, id=13040, stack(0x000000209e300000,0x000000209e400000)]
  0x00000137b337f800 JavaThread "Signal Dispatcher" daemon [_thread_blocked, id=1420, stack(0x000000209e400000,0x000000209e500000)]
  0x00000137b3380800 JavaThread "Attach Listener" daemon [_thread_blocked, id=5620, stack(0x000000209e500000,0x000000209e600000)]
  0x00000137b3382800 JavaThread "Service Thread" daemon [_thread_blocked, id=11112, stack(0x000000209e600000,0x000000209e700000)]
=>0x00000137b3386800 JavaThread "C2 CompilerThread0" daemon [_thread_in_native, id=12168, stack(0x000000209e700000,0x000000209e800000)]
  0x00000137b339d800 JavaThread "C1 CompilerThread0" daemon [_thread_blocked, id=4696, stack(0x000000209e800000,0x000000209e900000)]
  0x00000137b3d2e000 JavaThread "Sweeper thread" daemon [_thread_blocked, id=948, stack(0x000000209e900000,0x000000209ea00000)]
  0x00000137b3d7a000 JavaThread "Common-Cleaner" daemon [_thread_blocked, id=5608, stack(0x000000209ea00000,0x000000209eb00000)]
  0x00000137b5192800 JavaThread "Daemon health stats" [_thread_blocked, id=5736, stack(0x000000209ed00000,0x000000209ee00000)]
  0x00000137b5b18800 JavaThread "Incoming local TCP Connector on port 60641" [_thread_in_native, id=7408, stack(0x000000209ee00000,0x000000209ef00000)]
  0x00000137b5d44800 JavaThread "Daemon periodic checks" [_thread_blocked, id=7544, stack(0x000000209ef00000,0x000000209f000000)]
  0x00000137b5c64800 JavaThread "Cache worker for journal cache (C:\Users\Developer\.gradle\caches\journal-1)" [_thread_blocked, id=616, stack(0x000000209f700000,0x000000209f800000)]
  0x00000137b5c69800 JavaThread "File lock request listener" [_thread_in_native, id=13264, stack(0x000000209f800000,0x000000209f900000)]
  0x00000137b5c69000 JavaThread "Cache worker for file hash cache (C:\Users\Developer\.gradle\caches\8.1.1\fileHashes)" [_thread_blocked, id=11928, stack(0x000000209fa00000,0x000000209fb00000)]
  0x00000137b5c64000 JavaThread "File watcher server" daemon [_thread_in_native, id=3396, stack(0x000000209fb00000,0x000000209fc00000)]
  0x00000137b5c67000 JavaThread "File watcher consumer" daemon [_thread_blocked, id=11364, stack(0x000000209fc00000,0x000000209fd00000)]
  0x00000137b7d85000 JavaThread "Cache worker for file content cache (C:\Users\Developer\.gradle\caches\8.1.1\fileContent)" [_thread_blocked, id=436, stack(0x000000209ff00000,0x00000020a0000000)]
  0x00000137b7d82800 JavaThread "Cache worker for execution history cache (C:\Users\Developer\.gradle\caches\8.1.1\executionHistory)" [_thread_blocked, id=12596, stack(0x00000020a0200000,0x00000020a0300000)]
  0x00000137b7d81000 JavaThread "jar transforms" [_thread_blocked, id=4620, stack(0x00000020a0300000,0x00000020a0400000)]
  0x00000137b7d87800 JavaThread "jar transforms Thread 2" [_thread_blocked, id=11260, stack(0x00000020a0400000,0x00000020a0500000)]
  0x00000137b7d88000 JavaThread "Daemon Thread 2" [_thread_blocked, id=11900, stack(0x000000209d900000,0x000000209da00000)]
  0x00000137b7d85800 JavaThread "Handler for socket connection from /127.0.0.1:60641 to /127.0.0.1:61014" [_thread_in_native, id=6868, stack(0x000000209db00000,0x000000209dc00000)]
  0x00000137b7d89000 JavaThread "Cancel handler" [_thread_blocked, id=6316, stack(0x000000209f000000,0x000000209f100000)]
  0x00000137b7d84000 JavaThread "Daemon worker Thread 2" [_thread_blocked, id=12700, stack(0x000000209f100000,0x000000209f200000)]
  0x00000137b7d83800 JavaThread "Asynchronous log dispatcher for DefaultDaemonConnection: socket connection from /127.0.0.1:60641 to /127.0.0.1:61014" [_thread_blocked, id=4252, stack(0x000000209f200000,0x000000209f300000)]
  0x00000137b7d8e800 JavaThread "Stdin handler" [_thread_blocked, id=5536, stack(0x000000209f300000,0x000000209f400000)]
  0x00000137b7d8f800 JavaThread "Daemon client event forwarder" [_thread_blocked, id=7800, stack(0x000000209f400000,0x000000209f500000)]
  0x00000137b7d8a000 JavaThread "Cache worker for checksums cache (C:\SpringLabs\Projects\config-service\.gradle\8.1.1\checksums)" [_thread_blocked, id=7680, stack(0x000000209f500000,0x000000209f600000)]
  0x00000137b7d8a800 JavaThread "Cache worker for cache directory md-rule (C:\Users\Developer\.gradle\caches\8.1.1\md-rule)" [_thread_blocked, id=9608, stack(0x000000209f600000,0x000000209f700000)]
  0x00000137b7d8c000 JavaThread "Cache worker for file hash cache (C:\SpringLabs\Projects\config-service\.gradle\8.1.1\fileHashes)" [_thread_blocked, id=7048, stack(0x000000209f900000,0x000000209fa00000)]
  0x00000137b7d8d000 JavaThread "Cache worker for cache directory md-supplier (C:\Users\Developer\.gradle\caches\8.1.1\md-supplier)" [_thread_blocked, id=9828, stack(0x000000209fd00000,0x000000209fe00000)]
  0x00000137b7d8e000 JavaThread "Cache worker for dependencies-accessors (C:\SpringLabs\Projects\config-service\.gradle\8.1.1\dependencies-accessors)" [_thread_blocked, id=8852, stack(0x000000209fe00000,0x000000209ff00000)]
  0x00000137b5c6a800 JavaThread "Cache worker for Build Output Cleanup Cache (C:\SpringLabs\Projects\config-service\.gradle\buildOutputCleanup)" [_thread_blocked, id=2812, stack(0x00000020a0000000,0x00000020a0100000)]
  0x00000137b5c68000 JavaThread "Unconstrained build operations" [_thread_blocked, id=8492, stack(0x00000020a0100000,0x00000020a0200000)]
  0x00000137b5c65800 JavaThread "Memory manager" [_thread_blocked, id=8268, stack(0x00000020a0500000,0x00000020a0600000)]
  0x00000137b5c66800 JavaThread "included builds" [_thread_blocked, id=9120, stack(0x00000020a0600000,0x00000020a0700000)]
  0x00000137b7b91000 JavaThread "Execution worker" [_thread_blocked, id=7248, stack(0x00000020a0700000,0x00000020a0800000)]
  0x00000137b7b92000 JavaThread "Cache worker for execution history cache (C:\SpringLabs\Projects\config-service\.gradle\8.1.1\executionHistory)" [_thread_blocked, id=13416, stack(0x00000020a0800000,0x00000020a0900000)]
  0x00000137b7b92800 JavaThread "Unconstrained build operations Thread 2" [_thread_blocked, id=3732, stack(0x00000020a0900000,0x00000020a0a00000)]
  0x00000137b7b94800 JavaThread "Unconstrained build operations Thread 3" [_thread_blocked, id=4272, stack(0x00000020a0a00000,0x00000020a0b00000)]
  0x00000137b7b93800 JavaThread "Unconstrained build operations Thread 4" [_thread_blocked, id=1928, stack(0x00000020a0b00000,0x00000020a0c00000)]
  0x00000137b7b95000 JavaThread "Unconstrained build operations Thread 5" [_thread_blocked, id=500, stack(0x00000020a0c00000,0x00000020a0d00000)]
  0x00000137b7b96000 JavaThread "Unconstrained build operations Thread 6" [_thread_blocked, id=13944, stack(0x00000020a0d00000,0x00000020a0e00000)]
  0x00000137b7b90800 JavaThread "Unconstrained build operations Thread 7" [_thread_blocked, id=8488, stack(0x00000020a0e00000,0x00000020a0f00000)]
  0x00000137b7b9b000 JavaThread "Unconstrained build operations Thread 8" [_thread_blocked, id=3368, stack(0x00000020a0f00000,0x00000020a1000000)]
  0x00000137b7b99800 JavaThread "Unconstrained build operations Thread 9" [_thread_blocked, id=6668, stack(0x00000020a1000000,0x00000020a1100000)]
  0x00000137b7b97800 JavaThread "Unconstrained build operations Thread 10" [_thread_blocked, id=8648, stack(0x00000020a1100000,0x00000020a1200000)]
  0x00000137b7b98800 JavaThread "Unconstrained build operations Thread 11" [_thread_blocked, id=6520, stack(0x00000020a1200000,0x00000020a1300000)]
  0x00000137b7b9b800 JavaThread "Unconstrained build operations Thread 12" [_thread_blocked, id=11904, stack(0x00000020a1300000,0x00000020a1400000)]
  0x00000137b7b9a000 JavaThread "Unconstrained build operations Thread 13" [_thread_blocked, id=13012, stack(0x00000020a1400000,0x00000020a1500000)]
  0x00000137b7b9c800 JavaThread "Unconstrained build operations Thread 14" [_thread_blocked, id=12900, stack(0x00000020a1500000,0x00000020a1600000)]
  0x00000137b7b97000 JavaThread "Unconstrained build operations Thread 15" [_thread_blocked, id=13660, stack(0x00000020a1600000,0x00000020a1700000)]
  0x00000137b7b9d800 JavaThread "Unconstrained build operations Thread 16" [_thread_blocked, id=5480, stack(0x00000020a1700000,0x00000020a1800000)]
  0x00000137b7b9e000 JavaThread "Unconstrained build operations Thread 17" [_thread_blocked, id=7968, stack(0x00000020a1800000,0x00000020a1900000)]
  0x00000137b7b9f000 JavaThread "Unconstrained build operations Thread 18" [_thread_blocked, id=5932, stack(0x00000020a1900000,0x00000020a1a00000)]
  0x00000137ba58c800 JavaThread "Unconstrained build operations Thread 19" [_thread_blocked, id=8248, stack(0x00000020a1a00000,0x00000020a1b00000)]
  0x00000137ba58e800 JavaThread "Unconstrained build operations Thread 20" [_thread_blocked, id=7548, stack(0x00000020a1b00000,0x00000020a1c00000)]
  0x00000137ba591000 JavaThread "Exec process" [_thread_in_native, id=1628, stack(0x00000020a1c00000,0x00000020a1d00000)]
  0x00000137ba58d800 JavaThread "Exec process Thread 2" [_thread_in_native, id=12760, stack(0x00000020a1d00000,0x00000020a1e00000)]
  0x00000137ba590000 JavaThread "Exec process Thread 3" [_thread_in_native, id=11740, stack(0x00000020a1e00000,0x00000020a1f00000)]

Other Threads:
  0x00000137b3338000 VMThread "VM Thread" [stack: 0x000000209e100000,0x000000209e200000] [id=3212]
  0x00000137b3f96000 WatcherThread [stack: 0x000000209eb00000,0x000000209ec00000] [id=192]
  0x00000137998b3000 GCTaskThread "GC Thread#0" [stack: 0x000000209dc00000,0x000000209dd00000] [id=1496]
  0x00000137b4184800 GCTaskThread "GC Thread#1" [stack: 0x000000209ec00000,0x000000209ed00000] [id=5492]
  0x00000137998c4000 ConcurrentGCThread "G1 Main Marker" [stack: 0x000000209dd00000,0x000000209de00000] [id=8636]
  0x00000137998c7800 ConcurrentGCThread "G1 Conc#0" [stack: 0x000000209de00000,0x000000209df00000] [id=6264]
  0x000001379997e000 ConcurrentGCThread "G1 Refine#0" [stack: 0x000000209df00000,0x000000209e000000] [id=8824]
  0x00000137b31cc800 ConcurrentGCThread "G1 Young RemSet Sampling" [stack: 0x000000209e000000,0x000000209e100000] [id=14124]

Threads with active compile tasks:
C2 CompilerThread0  2309456 10394       4       org.gradle.launcher.daemon.server.health.gc.GarbageCollectionCheck::run (198 bytes)

VM state:not at safepoint (normal execution)

VM Mutex/Monitor currently owned by a thread: None

Heap address: 0x00000000e0000000, size: 512 MB, Compressed Oops mode: 32-bit
Narrow klass base: 0x0000000000000000, Narrow klass shift: 3
Compressed class space size: 394264576 Address: 0x0000000100000000

Heap:
 garbage-first heap   total 262144K, used 57856K [0x00000000e0000000, 0x0000000100000000)
  region size 1024K, 6 young (6144K), 1 survivors (1024K)
 Metaspace       used 74852K, capacity 77357K, committed 77568K, reserved 452608K
  class space    used 9712K, capacity 10734K, committed 10752K, reserved 385024K
Heap Regions: E=young(eden), S=young(survivor), O=old, HS=humongous(starts), HC=humongous(continues), CS=collection set, F=free, A=archive, TAMS=top-at-mark-start (previous, next)
|   0|0x00000000e0000000, 0x00000000e0100000, 0x00000000e0100000|100%| O|  |TAMS 0x00000000e0100000, 0x00000000e0000000| Untracked 
|   1|0x00000000e0100000, 0x00000000e0200000, 0x00000000e0200000|100%| O|  |TAMS 0x00000000e0200000, 0x00000000e0100000| Untracked 
|   2|0x00000000e0200000, 0x00000000e0300000, 0x00000000e0300000|100%|HS|  |TAMS 0x00000000e0300000, 0x00000000e0200000| Complete 
|   3|0x00000000e0300000, 0x00000000e0400000, 0x00000000e0400000|100%|HC|  |TAMS 0x00000000e0400000, 0x00000000e0300000| Complete 
|   4|0x00000000e0400000, 0x00000000e0500000, 0x00000000e0500000|100%|HC|  |TAMS 0x00000000e0500000, 0x00000000e0400000| Complete 
|   5|0x00000000e0500000, 0x00000000e0600000, 0x00000000e0600000|100%|HC|  |TAMS 0x00000000e0600000, 0x00000000e0500000| Complete 
|   6|0x00000000e0600000, 0x00000000e0700000, 0x00000000e0700000|100%| O|  |TAMS 0x00000000e0700000, 0x00000000e0600000| Untracked 
|   7|0x00000000e0700000, 0x00000000e0800000, 0x00000000e0800000|100%| O|  |TAMS 0x00000000e0800000, 0x00000000e0700000| Untracked 
|   8|0x00000000e0800000, 0x00000000e0900000, 0x00000000e0900000|100%| O|  |TAMS 0x00000000e0900000, 0x00000000e0800000| Untracked 
|   9|0x00000000e0900000, 0x00000000e0a00000, 0x00000000e0a00000|100%| O|  |TAMS 0x00000000e0a00000, 0x00000000e0900000| Untracked 
|  10|0x00000000e0a00000, 0x00000000e0b00000, 0x00000000e0b00000|100%| O|  |TAMS 0x00000000e0b00000, 0x00000000e0a00000| Untracked 
|  11|0x00000000e0b00000, 0x00000000e0c00000, 0x00000000e0c00000|100%| O|  |TAMS 0x00000000e0c00000, 0x00000000e0b00000| Untracked 
|  12|0x00000000e0c00000, 0x00000000e0d00000, 0x00000000e0d00000|100%| O|  |TAMS 0x00000000e0d00000, 0x00000000e0c00000| Untracked 
|  13|0x00000000e0d00000, 0x00000000e0e00000, 0x00000000e0e00000|100%| O|  |TAMS 0x00000000e0e00000, 0x00000000e0d00000| Untracked 
|  14|0x00000000e0e00000, 0x00000000e0f00000, 0x00000000e0f00000|100%| O|  |TAMS 0x00000000e0f00000, 0x00000000e0e00000| Untracked 
|  15|0x00000000e0f00000, 0x00000000e1000000, 0x00000000e1000000|100%| O|  |TAMS 0x00000000e1000000, 0x00000000e0f00000| Untracked 
|  16|0x00000000e1000000, 0x00000000e1100000, 0x00000000e1100000|100%| O|  |TAMS 0x00000000e1100000, 0x00000000e1000000| Untracked 
|  17|0x00000000e1100000, 0x00000000e1200000, 0x00000000e1200000|100%| O|  |TAMS 0x00000000e1122a00, 0x00000000e1100000| Untracked 
|  18|0x00000000e1200000, 0x00000000e1300000, 0x00000000e1300000|100%| O|  |TAMS 0x00000000e1200000, 0x00000000e1200000| Untracked 
|  19|0x00000000e1300000, 0x00000000e1400000, 0x00000000e1400000|100%| O|  |TAMS 0x00000000e1300000, 0x00000000e1300000| Untracked 
|  20|0x00000000e1400000, 0x00000000e1500000, 0x00000000e1500000|100%| O|  |TAMS 0x00000000e1400000, 0x00000000e1400000| Untracked 
|  21|0x00000000e1500000, 0x00000000e1600000, 0x00000000e1600000|100%| O|  |TAMS 0x00000000e1500000, 0x00000000e1500000| Untracked 
|  22|0x00000000e1600000, 0x00000000e1700000, 0x00000000e1700000|100%| O|  |TAMS 0x00000000e1600000, 0x00000000e1600000| Untracked 
|  23|0x00000000e1700000, 0x00000000e1800000, 0x00000000e1800000|100%| O|  |TAMS 0x00000000e1700000, 0x00000000e1700000| Untracked 
|  24|0x00000000e1800000, 0x00000000e1900000, 0x00000000e1900000|100%| O|  |TAMS 0x00000000e1800000, 0x00000000e1800000| Untracked 
|  25|0x00000000e1900000, 0x00000000e1a00000, 0x00000000e1a00000|100%| O|  |TAMS 0x00000000e1900000, 0x00000000e1900000| Untracked 
|  26|0x00000000e1a00000, 0x00000000e1b00000, 0x00000000e1b00000|100%| O|  |TAMS 0x00000000e1a00000, 0x00000000e1a00000| Untracked 
|  27|0x00000000e1b00000, 0x00000000e1c00000, 0x00000000e1c00000|100%| O|  |TAMS 0x00000000e1b00000, 0x00000000e1b00000| Untracked 
|  28|0x00000000e1c00000, 0x00000000e1d00000, 0x00000000e1d00000|100%| O|  |TAMS 0x00000000e1c00000, 0x00000000e1c00000| Untracked 
|  29|0x00000000e1d00000, 0x00000000e1e00000, 0x00000000e1e00000|100%| O|  |TAMS 0x00000000e1d00000, 0x00000000e1d00000| Untracked 
|  30|0x00000000e1e00000, 0x00000000e1f00000, 0x00000000e1f00000|100%| O|  |TAMS 0x00000000e1e00000, 0x00000000e1e00000| Untracked 
|  31|0x00000000e1f00000, 0x00000000e2000000, 0x00000000e2000000|100%| O|  |TAMS 0x00000000e1f00000, 0x00000000e1f00000| Untracked 
|  32|0x00000000e2000000, 0x00000000e2100000, 0x00000000e2100000|100%| O|  |TAMS 0x00000000e2000000, 0x00000000e2000000| Untracked 
|  33|0x00000000e2100000, 0x00000000e2200000, 0x00000000e2200000|100%| O|  |TAMS 0x00000000e2100000, 0x00000000e2100000| Untracked 
|  34|0x00000000e2200000, 0x00000000e2300000, 0x00000000e2300000|100%| O|  |TAMS 0x00000000e2200000, 0x00000000e2200000| Untracked 
|  35|0x00000000e2300000, 0x00000000e2400000, 0x00000000e2400000|100%| O|  |TAMS 0x00000000e2300000, 0x00000000e2300000| Untracked 
|  36|0x00000000e2400000, 0x00000000e2500000, 0x00000000e2500000|100%| O|  |TAMS 0x00000000e2400000, 0x00000000e2400000| Untracked 
|  37|0x00000000e2500000, 0x00000000e2600000, 0x00000000e2600000|100%| O|  |TAMS 0x00000000e2500000, 0x00000000e2500000| Untracked 
|  38|0x00000000e2600000, 0x00000000e2700000, 0x00000000e2700000|100%| O|  |TAMS 0x00000000e2600000, 0x00000000e2600000| Untracked 
|  39|0x00000000e2700000, 0x00000000e2800000, 0x00000000e2800000|100%| O|  |TAMS 0x00000000e2700000, 0x00000000e2700000| Untracked 
|  40|0x00000000e2800000, 0x00000000e2900000, 0x00000000e2900000|100%| O|  |TAMS 0x00000000e2800000, 0x00000000e2800000| Untracked 
|  41|0x00000000e2900000, 0x00000000e2a00000, 0x00000000e2a00000|100%| O|  |TAMS 0x00000000e2900000, 0x00000000e2900000| Untracked 
|  42|0x00000000e2a00000, 0x00000000e2b00000, 0x00000000e2b00000|100%| O|  |TAMS 0x00000000e2a00000, 0x00000000e2a00000| Untracked 
|  43|0x00000000e2b00000, 0x00000000e2c00000, 0x00000000e2c00000|100%| O|  |TAMS 0x00000000e2b00000, 0x00000000e2b00000| Untracked 
|  44|0x00000000e2c00000, 0x00000000e2d00000, 0x00000000e2d00000|100%| O|  |TAMS 0x00000000e2c00000, 0x00000000e2c00000| Untracked 
|  45|0x00000000e2d00000, 0x00000000e2e00000, 0x00000000e2e00000|100%| O|  |TAMS 0x00000000e2d00000, 0x00000000e2d00000| Untracked 
|  46|0x00000000e2e00000, 0x00000000e2f00000, 0x00000000e2f00000|100%| O|  |TAMS 0x00000000e2e00000, 0x00000000e2e00000| Untracked 
|  47|0x00000000e2f00000, 0x00000000e3000000, 0x00000000e3000000|100%| O|  |TAMS 0x00000000e2f00000, 0x00000000e2f00000| Untracked 
|  48|0x00000000e3000000, 0x00000000e3100000, 0x00000000e3100000|100%| O|  |TAMS 0x00000000e3000000, 0x00000000e3000000| Untracked 
|  49|0x00000000e3100000, 0x00000000e3200000, 0x00000000e3200000|100%| O|  |TAMS 0x00000000e3100000, 0x00000000e3100000| Untracked 
|  50|0x00000000e3200000, 0x00000000e3300000, 0x00000000e3300000|100%| O|  |TAMS 0x00000000e3200000, 0x00000000e3200000| Untracked 
|  51|0x00000000e3300000, 0x00000000e3380000, 0x00000000e3400000| 50%| O|  |TAMS 0x00000000e3300000, 0x00000000e3300000| Untracked 
|  52|0x00000000e3400000, 0x00000000e3400000, 0x00000000e3500000|  0%| F|  |TAMS 0x00000000e3400000, 0x00000000e3400000| Untracked 
|  53|0x00000000e3500000, 0x00000000e3500000, 0x00000000e3600000|  0%| F|  |TAMS 0x00000000e3500000, 0x00000000e3500000| Untracked 
|  54|0x00000000e3600000, 0x00000000e3600000, 0x00000000e3700000|  0%| F|  |TAMS 0x00000000e3600000, 0x00000000e3600000| Untracked 
|  55|0x00000000e3700000, 0x00000000e3700000, 0x00000000e3800000|  0%| F|  |TAMS 0x00000000e3700000, 0x00000000e3700000| Untracked 
|  56|0x00000000e3800000, 0x00000000e3800000, 0x00000000e3900000|  0%| F|  |TAMS 0x00000000e3800000, 0x00000000e3800000| Untracked 
|  57|0x00000000e3900000, 0x00000000e3900000, 0x00000000e3a00000|  0%| F|  |TAMS 0x00000000e3900000, 0x00000000e3900000| Untracked 
|  58|0x00000000e3a00000, 0x00000000e3a00000, 0x00000000e3b00000|  0%| F|  |TAMS 0x00000000e3a00000, 0x00000000e3a00000| Untracked 
|  59|0x00000000e3b00000, 0x00000000e3b00000, 0x00000000e3c00000|  0%| F|  |TAMS 0x00000000e3b00000, 0x00000000e3b00000| Untracked 
|  60|0x00000000e3c00000, 0x00000000e3c00000, 0x00000000e3d00000|  0%| F|  |TAMS 0x00000000e3c00000, 0x00000000e3c00000| Untracked 
|  61|0x00000000e3d00000, 0x00000000e3d00000, 0x00000000e3e00000|  0%| F|  |TAMS 0x00000000e3d00000, 0x00000000e3d00000| Untracked 
|  62|0x00000000e3e00000, 0x00000000e3e00000, 0x00000000e3f00000|  0%| F|  |TAMS 0x00000000e3e00000, 0x00000000e3e00000| Untracked 
|  63|0x00000000e3f00000, 0x00000000e3f00000, 0x00000000e4000000|  0%| F|  |TAMS 0x00000000e3f00000, 0x00000000e3f00000| Untracked 
|  64|0x00000000e4000000, 0x00000000e4000000, 0x00000000e4100000|  0%| F|  |TAMS 0x00000000e4000000, 0x00000000e4000000| Untracked 
|  65|0x00000000e4100000, 0x00000000e4100000, 0x00000000e4200000|  0%| F|  |TAMS 0x00000000e4100000, 0x00000000e4100000| Untracked 
|  66|0x00000000e4200000, 0x00000000e4200000, 0x00000000e4300000|  0%| F|  |TAMS 0x00000000e4200000, 0x00000000e4200000| Untracked 
|  67|0x00000000e4300000, 0x00000000e4300000, 0x00000000e4400000|  0%| F|  |TAMS 0x00000000e4300000, 0x00000000e4300000| Untracked 
|  68|0x00000000e4400000, 0x00000000e4400000, 0x00000000e4500000|  0%| F|  |TAMS 0x00000000e4400000, 0x00000000e4400000| Untracked 
|  69|0x00000000e4500000, 0x00000000e4500000, 0x00000000e4600000|  0%| F|  |TAMS 0x00000000e4500000, 0x00000000e4500000| Untracked 
|  70|0x00000000e4600000, 0x00000000e4600000, 0x00000000e4700000|  0%| F|  |TAMS 0x00000000e4600000, 0x00000000e4600000| Untracked 
|  71|0x00000000e4700000, 0x00000000e4700000, 0x00000000e4800000|  0%| F|  |TAMS 0x00000000e4700000, 0x00000000e4700000| Untracked 
|  72|0x00000000e4800000, 0x00000000e4800000, 0x00000000e4900000|  0%| F|  |TAMS 0x00000000e4800000, 0x00000000e4800000| Untracked 
|  73|0x00000000e4900000, 0x00000000e4900000, 0x00000000e4a00000|  0%| F|  |TAMS 0x00000000e4900000, 0x00000000e4900000| Untracked 
|  74|0x00000000e4a00000, 0x00000000e4a00000, 0x00000000e4b00000|  0%| F|  |TAMS 0x00000000e4a00000, 0x00000000e4a00000| Untracked 
|  75|0x00000000e4b00000, 0x00000000e4b00000, 0x00000000e4c00000|  0%| F|  |TAMS 0x00000000e4b00000, 0x00000000e4b00000| Untracked 
|  76|0x00000000e4c00000, 0x00000000e4c00000, 0x00000000e4d00000|  0%| F|  |TAMS 0x00000000e4c00000, 0x00000000e4c00000| Untracked 
|  77|0x00000000e4d00000, 0x00000000e4d00000, 0x00000000e4e00000|  0%| F|  |TAMS 0x00000000e4d00000, 0x00000000e4d00000| Untracked 
|  78|0x00000000e4e00000, 0x00000000e4e00000, 0x00000000e4f00000|  0%| F|  |TAMS 0x00000000e4e00000, 0x00000000e4e00000| Untracked 
|  79|0x00000000e4f00000, 0x00000000e4f00000, 0x00000000e5000000|  0%| F|  |TAMS 0x00000000e4f00000, 0x00000000e4f00000| Untracked 
|  80|0x00000000e5000000, 0x00000000e5000000, 0x00000000e5100000|  0%| F|  |TAMS 0x00000000e5000000, 0x00000000e5000000| Untracked 
|  81|0x00000000e5100000, 0x00000000e5100000, 0x00000000e5200000|  0%| F|  |TAMS 0x00000000e5100000, 0x00000000e5100000| Untracked 
|  82|0x00000000e5200000, 0x00000000e5200000, 0x00000000e5300000|  0%| F|  |TAMS 0x00000000e5200000, 0x00000000e5200000| Untracked 
|  83|0x00000000e5300000, 0x00000000e5300000, 0x00000000e5400000|  0%| F|  |TAMS 0x00000000e5300000, 0x00000000e5300000| Untracked 
|  84|0x00000000e5400000, 0x00000000e5400000, 0x00000000e5500000|  0%| F|  |TAMS 0x00000000e5400000, 0x00000000e5400000| Untracked 
|  85|0x00000000e5500000, 0x00000000e5500000, 0x00000000e5600000|  0%| F|  |TAMS 0x00000000e5500000, 0x00000000e5500000| Untracked 
|  86|0x00000000e5600000, 0x00000000e5600000, 0x00000000e5700000|  0%| F|  |TAMS 0x00000000e5600000, 0x00000000e5600000| Untracked 
|  87|0x00000000e5700000, 0x00000000e5700000, 0x00000000e5800000|  0%| F|  |TAMS 0x00000000e5700000, 0x00000000e5700000| Untracked 
|  88|0x00000000e5800000, 0x00000000e5800000, 0x00000000e5900000|  0%| F|  |TAMS 0x00000000e5800000, 0x00000000e5800000| Untracked 
|  89|0x00000000e5900000, 0x00000000e5900000, 0x00000000e5a00000|  0%| F|  |TAMS 0x00000000e5900000, 0x00000000e5900000| Untracked 
|  90|0x00000000e5a00000, 0x00000000e5a00000, 0x00000000e5b00000|  0%| F|  |TAMS 0x00000000e5a00000, 0x00000000e5a00000| Untracked 
|  91|0x00000000e5b00000, 0x00000000e5b00000, 0x00000000e5c00000|  0%| F|  |TAMS 0x00000000e5b00000, 0x00000000e5b00000| Untracked 
|  92|0x00000000e5c00000, 0x00000000e5c00000, 0x00000000e5d00000|  0%| F|  |TAMS 0x00000000e5c00000, 0x00000000e5c00000| Untracked 
|  93|0x00000000e5d00000, 0x00000000e5d00000, 0x00000000e5e00000|  0%| F|  |TAMS 0x00000000e5d00000, 0x00000000e5d00000| Untracked 
|  94|0x00000000e5e00000, 0x00000000e5e00000, 0x00000000e5f00000|  0%| F|  |TAMS 0x00000000e5e00000, 0x00000000e5e00000| Untracked 
|  95|0x00000000e5f00000, 0x00000000e5f00000, 0x00000000e6000000|  0%| F|  |TAMS 0x00000000e5f00000, 0x00000000e5f00000| Untracked 
|  96|0x00000000e6000000, 0x00000000e6000000, 0x00000000e6100000|  0%| F|  |TAMS 0x00000000e6000000, 0x00000000e6000000| Untracked 
|  97|0x00000000e6100000, 0x00000000e6100000, 0x00000000e6200000|  0%| F|  |TAMS 0x00000000e6100000, 0x00000000e6100000| Untracked 
|  98|0x00000000e6200000, 0x00000000e6200000, 0x00000000e6300000|  0%| F|  |TAMS 0x00000000e6200000, 0x00000000e6200000| Untracked 
|  99|0x00000000e6300000, 0x00000000e6300000, 0x00000000e6400000|  0%| F|  |TAMS 0x00000000e6300000, 0x00000000e6300000| Untracked 
| 100|0x00000000e6400000, 0x00000000e6400000, 0x00000000e6500000|  0%| F|  |TAMS 0x00000000e6400000, 0x00000000e6400000| Untracked 
| 101|0x00000000e6500000, 0x00000000e6500000, 0x00000000e6600000|  0%| F|  |TAMS 0x00000000e6500000, 0x00000000e6500000| Untracked 
| 102|0x00000000e6600000, 0x00000000e6600000, 0x00000000e6700000|  0%| F|  |TAMS 0x00000000e6600000, 0x00000000e6600000| Untracked 
| 103|0x00000000e6700000, 0x00000000e6700000, 0x00000000e6800000|  0%| F|  |TAMS 0x00000000e6700000, 0x00000000e6700000| Untracked 
| 104|0x00000000e6800000, 0x00000000e6800000, 0x00000000e6900000|  0%| F|  |TAMS 0x00000000e6800000, 0x00000000e6800000| Untracked 
| 105|0x00000000e6900000, 0x00000000e6900000, 0x00000000e6a00000|  0%| F|  |TAMS 0x00000000e6900000, 0x00000000e6900000| Untracked 
| 106|0x00000000e6a00000, 0x00000000e6a00000, 0x00000000e6b00000|  0%| F|  |TAMS 0x00000000e6a00000, 0x00000000e6a00000| Untracked 
| 107|0x00000000e6b00000, 0x00000000e6b00000, 0x00000000e6c00000|  0%| F|  |TAMS 0x00000000e6b00000, 0x00000000e6b00000| Untracked 
| 108|0x00000000e6c00000, 0x00000000e6c00000, 0x00000000e6d00000|  0%| F|  |TAMS 0x00000000e6c00000, 0x00000000e6c00000| Untracked 
| 109|0x00000000e6d00000, 0x00000000e6d00000, 0x00000000e6e00000|  0%| F|  |TAMS 0x00000000e6d00000, 0x00000000e6d00000| Untracked 
| 110|0x00000000e6e00000, 0x00000000e6e00000, 0x00000000e6f00000|  0%| F|  |TAMS 0x00000000e6e00000, 0x00000000e6e00000| Untracked 
| 111|0x00000000e6f00000, 0x00000000e6f00000, 0x00000000e7000000|  0%| F|  |TAMS 0x00000000e6f00000, 0x00000000e6f00000| Untracked 
| 112|0x00000000e7000000, 0x00000000e7000000, 0x00000000e7100000|  0%| F|  |TAMS 0x00000000e7000000, 0x00000000e7000000| Untracked 
| 113|0x00000000e7100000, 0x00000000e7100000, 0x00000000e7200000|  0%| F|  |TAMS 0x00000000e7100000, 0x00000000e7100000| Untracked 
| 114|0x00000000e7200000, 0x00000000e7200000, 0x00000000e7300000|  0%| F|  |TAMS 0x00000000e7200000, 0x00000000e7200000| Untracked 
| 115|0x00000000e7300000, 0x00000000e7300000, 0x00000000e7400000|  0%| F|  |TAMS 0x00000000e7300000, 0x00000000e7300000| Untracked 
| 116|0x00000000e7400000, 0x00000000e7400000, 0x00000000e7500000|  0%| F|  |TAMS 0x00000000e7400000, 0x00000000e7400000| Untracked 
| 117|0x00000000e7500000, 0x00000000e7500000, 0x00000000e7600000|  0%| F|  |TAMS 0x00000000e7500000, 0x00000000e7500000| Untracked 
| 118|0x00000000e7600000, 0x00000000e7600000, 0x00000000e7700000|  0%| F|  |TAMS 0x00000000e7600000, 0x00000000e7600000| Untracked 
| 119|0x00000000e7700000, 0x00000000e7700000, 0x00000000e7800000|  0%| F|  |TAMS 0x00000000e7700000, 0x00000000e7700000| Untracked 
| 120|0x00000000e7800000, 0x00000000e7800000, 0x00000000e7900000|  0%| F|  |TAMS 0x00000000e7800000, 0x00000000e7800000| Untracked 
| 121|0x00000000e7900000, 0x00000000e7900000, 0x00000000e7a00000|  0%| F|  |TAMS 0x00000000e7900000, 0x00000000e7900000| Untracked 
| 122|0x00000000e7a00000, 0x00000000e7a00000, 0x00000000e7b00000|  0%| F|  |TAMS 0x00000000e7a00000, 0x00000000e7a00000| Untracked 
| 123|0x00000000e7b00000, 0x00000000e7b00000, 0x00000000e7c00000|  0%| F|  |TAMS 0x00000000e7b00000, 0x00000000e7b00000| Untracked 
| 124|0x00000000e7c00000, 0x00000000e7c00000, 0x00000000e7d00000|  0%| F|  |TAMS 0x00000000e7c00000, 0x00000000e7c00000| Untracked 
| 125|0x00000000e7d00000, 0x00000000e7d00000, 0x00000000e7e00000|  0%| F|  |TAMS 0x00000000e7d00000, 0x00000000e7d00000| Untracked 
| 126|0x00000000e7e00000, 0x00000000e7e00000, 0x00000000e7f00000|  0%| F|  |TAMS 0x00000000e7e00000, 0x00000000e7e00000| Untracked 
| 127|0x00000000e7f00000, 0x00000000e7f00000, 0x00000000e8000000|  0%| F|  |TAMS 0x00000000e7f00000, 0x00000000e7f00000| Untracked 
| 128|0x00000000e8000000, 0x00000000e8000000, 0x00000000e8100000|  0%| F|  |TAMS 0x00000000e8000000, 0x00000000e8000000| Untracked 
| 129|0x00000000e8100000, 0x00000000e8100000, 0x00000000e8200000|  0%| F|  |TAMS 0x00000000e8100000, 0x00000000e8100000| Untracked 
| 130|0x00000000e8200000, 0x00000000e8200000, 0x00000000e8300000|  0%| F|  |TAMS 0x00000000e8200000, 0x00000000e8200000| Untracked 
| 131|0x00000000e8300000, 0x00000000e8300000, 0x00000000e8400000|  0%| F|  |TAMS 0x00000000e8300000, 0x00000000e8300000| Untracked 
| 132|0x00000000e8400000, 0x00000000e8400000, 0x00000000e8500000|  0%| F|  |TAMS 0x00000000e8400000, 0x00000000e8400000| Untracked 
| 133|0x00000000e8500000, 0x00000000e8500000, 0x00000000e8600000|  0%| F|  |TAMS 0x00000000e8500000, 0x00000000e8500000| Untracked 
| 134|0x00000000e8600000, 0x00000000e8600000, 0x00000000e8700000|  0%| F|  |TAMS 0x00000000e8600000, 0x00000000e8600000| Untracked 
| 135|0x00000000e8700000, 0x00000000e8700000, 0x00000000e8800000|  0%| F|  |TAMS 0x00000000e8700000, 0x00000000e8700000| Untracked 
| 136|0x00000000e8800000, 0x00000000e8800000, 0x00000000e8900000|  0%| F|  |TAMS 0x00000000e8800000, 0x00000000e8800000| Untracked 
| 137|0x00000000e8900000, 0x00000000e8900000, 0x00000000e8a00000|  0%| F|  |TAMS 0x00000000e8900000, 0x00000000e8900000| Untracked 
| 138|0x00000000e8a00000, 0x00000000e8a00000, 0x00000000e8b00000|  0%| F|  |TAMS 0x00000000e8a00000, 0x00000000e8a00000| Untracked 
| 139|0x00000000e8b00000, 0x00000000e8b00000, 0x00000000e8c00000|  0%| F|  |TAMS 0x00000000e8b00000, 0x00000000e8b00000| Untracked 
| 140|0x00000000e8c00000, 0x00000000e8c00000, 0x00000000e8d00000|  0%| F|  |TAMS 0x00000000e8c00000, 0x00000000e8c00000| Untracked 
| 141|0x00000000e8d00000, 0x00000000e8d00000, 0x00000000e8e00000|  0%| F|  |TAMS 0x00000000e8d00000, 0x00000000e8d00000| Untracked 
| 142|0x00000000e8e00000, 0x00000000e8e00000, 0x00000000e8f00000|  0%| F|  |TAMS 0x00000000e8e00000, 0x00000000e8e00000| Untracked 
| 143|0x00000000e8f00000, 0x00000000e8f00000, 0x00000000e9000000|  0%| F|  |TAMS 0x00000000e8f00000, 0x00000000e8f00000| Untracked 
| 144|0x00000000e9000000, 0x00000000e9000000, 0x00000000e9100000|  0%| F|  |TAMS 0x00000000e9000000, 0x00000000e9000000| Untracked 
| 145|0x00000000e9100000, 0x00000000e9100000, 0x00000000e9200000|  0%| F|  |TAMS 0x00000000e9100000, 0x00000000e9100000| Untracked 
| 146|0x00000000e9200000, 0x00000000e9200000, 0x00000000e9300000|  0%| F|  |TAMS 0x00000000e9200000, 0x00000000e9200000| Untracked 
| 147|0x00000000e9300000, 0x00000000e9300000, 0x00000000e9400000|  0%| F|  |TAMS 0x00000000e9300000, 0x00000000e9300000| Untracked 
| 148|0x00000000e9400000, 0x00000000e9400000, 0x00000000e9500000|  0%| F|  |TAMS 0x00000000e9400000, 0x00000000e9400000| Untracked 
| 149|0x00000000e9500000, 0x00000000e9500000, 0x00000000e9600000|  0%| F|  |TAMS 0x00000000e9500000, 0x00000000e9500000| Untracked 
| 150|0x00000000e9600000, 0x00000000e9600000, 0x00000000e9700000|  0%| F|  |TAMS 0x00000000e9600000, 0x00000000e9600000| Untracked 
| 151|0x00000000e9700000, 0x00000000e9700000, 0x00000000e9800000|  0%| F|  |TAMS 0x00000000e9700000, 0x00000000e9700000| Untracked 
| 152|0x00000000e9800000, 0x00000000e9800000, 0x00000000e9900000|  0%| F|  |TAMS 0x00000000e9800000, 0x00000000e9800000| Untracked 
| 153|0x00000000e9900000, 0x00000000e9900000, 0x00000000e9a00000|  0%| F|  |TAMS 0x00000000e9900000, 0x00000000e9900000| Untracked 
| 154|0x00000000e9a00000, 0x00000000e9a00000, 0x00000000e9b00000|  0%| F|  |TAMS 0x00000000e9a00000, 0x00000000e9a00000| Untracked 
| 155|0x00000000e9b00000, 0x00000000e9b00000, 0x00000000e9c00000|  0%| F|  |TAMS 0x00000000e9b00000, 0x00000000e9b00000| Untracked 
| 156|0x00000000e9c00000, 0x00000000e9c00000, 0x00000000e9d00000|  0%| F|  |TAMS 0x00000000e9c00000, 0x00000000e9c00000| Untracked 
| 157|0x00000000e9d00000, 0x00000000e9d00000, 0x00000000e9e00000|  0%| F|  |TAMS 0x00000000e9d00000, 0x00000000e9d00000| Untracked 
| 158|0x00000000e9e00000, 0x00000000e9e00000, 0x00000000e9f00000|  0%| F|  |TAMS 0x00000000e9e00000, 0x00000000e9e00000| Untracked 
| 159|0x00000000e9f00000, 0x00000000e9f00000, 0x00000000ea000000|  0%| F|  |TAMS 0x00000000e9f00000, 0x00000000e9f00000| Untracked 
| 160|0x00000000ea000000, 0x00000000ea000000, 0x00000000ea100000|  0%| F|  |TAMS 0x00000000ea000000, 0x00000000ea000000| Untracked 
| 161|0x00000000ea100000, 0x00000000ea100000, 0x00000000ea200000|  0%| F|  |TAMS 0x00000000ea100000, 0x00000000ea100000| Untracked 
| 162|0x00000000ea200000, 0x00000000ea200000, 0x00000000ea300000|  0%| F|  |TAMS 0x00000000ea200000, 0x00000000ea200000| Untracked 
| 163|0x00000000ea300000, 0x00000000ea300000, 0x00000000ea400000|  0%| F|  |TAMS 0x00000000ea300000, 0x00000000ea300000| Untracked 
| 164|0x00000000ea400000, 0x00000000ea400000, 0x00000000ea500000|  0%| F|  |TAMS 0x00000000ea400000, 0x00000000ea400000| Untracked 
| 165|0x00000000ea500000, 0x00000000ea500000, 0x00000000ea600000|  0%| F|  |TAMS 0x00000000ea500000, 0x00000000ea500000| Untracked 
| 166|0x00000000ea600000, 0x00000000ea600000, 0x00000000ea700000|  0%| F|  |TAMS 0x00000000ea600000, 0x00000000ea600000| Untracked 
| 167|0x00000000ea700000, 0x00000000ea700000, 0x00000000ea800000|  0%| F|  |TAMS 0x00000000ea700000, 0x00000000ea700000| Untracked 
| 168|0x00000000ea800000, 0x00000000ea800000, 0x00000000ea900000|  0%| F|  |TAMS 0x00000000ea800000, 0x00000000ea800000| Untracked 
| 169|0x00000000ea900000, 0x00000000ea900000, 0x00000000eaa00000|  0%| F|  |TAMS 0x00000000ea900000, 0x00000000ea900000| Untracked 
| 170|0x00000000eaa00000, 0x00000000eaa00000, 0x00000000eab00000|  0%| F|  |TAMS 0x00000000eaa00000, 0x00000000eaa00000| Untracked 
| 171|0x00000000eab00000, 0x00000000eab00000, 0x00000000eac00000|  0%| F|  |TAMS 0x00000000eab00000, 0x00000000eab00000| Untracked 
| 172|0x00000000eac00000, 0x00000000eac00000, 0x00000000ead00000|  0%| F|  |TAMS 0x00000000eac00000, 0x00000000eac00000| Untracked 
| 173|0x00000000ead00000, 0x00000000ead00000, 0x00000000eae00000|  0%| F|  |TAMS 0x00000000ead00000, 0x00000000ead00000| Untracked 
| 174|0x00000000eae00000, 0x00000000eae00000, 0x00000000eaf00000|  0%| F|  |TAMS 0x00000000eae00000, 0x00000000eae00000| Untracked 
| 175|0x00000000eaf00000, 0x00000000eaf00000, 0x00000000eb000000|  0%| F|  |TAMS 0x00000000eaf00000, 0x00000000eaf00000| Untracked 
| 176|0x00000000eb000000, 0x00000000eb000000, 0x00000000eb100000|  0%| F|  |TAMS 0x00000000eb000000, 0x00000000eb000000| Untracked 
| 177|0x00000000eb100000, 0x00000000eb100000, 0x00000000eb200000|  0%| F|  |TAMS 0x00000000eb100000, 0x00000000eb100000| Untracked 
| 178|0x00000000eb200000, 0x00000000eb200000, 0x00000000eb300000|  0%| F|  |TAMS 0x00000000eb200000, 0x00000000eb200000| Untracked 
| 179|0x00000000eb300000, 0x00000000eb300000, 0x00000000eb400000|  0%| F|  |TAMS 0x00000000eb300000, 0x00000000eb300000| Untracked 
| 180|0x00000000eb400000, 0x00000000eb400000, 0x00000000eb500000|  0%| F|  |TAMS 0x00000000eb400000, 0x00000000eb400000| Untracked 
| 181|0x00000000eb500000, 0x00000000eb500000, 0x00000000eb600000|  0%| F|  |TAMS 0x00000000eb500000, 0x00000000eb500000| Untracked 
| 182|0x00000000eb600000, 0x00000000eb600000, 0x00000000eb700000|  0%| F|  |TAMS 0x00000000eb600000, 0x00000000eb600000| Untracked 
| 183|0x00000000eb700000, 0x00000000eb700000, 0x00000000eb800000|  0%| F|  |TAMS 0x00000000eb700000, 0x00000000eb700000| Untracked 
| 184|0x00000000eb800000, 0x00000000eb800000, 0x00000000eb900000|  0%| F|  |TAMS 0x00000000eb800000, 0x00000000eb800000| Untracked 
| 185|0x00000000eb900000, 0x00000000eb900000, 0x00000000eba00000|  0%| F|  |TAMS 0x00000000eb900000, 0x00000000eb900000| Untracked 
| 186|0x00000000eba00000, 0x00000000eba00000, 0x00000000ebb00000|  0%| F|  |TAMS 0x00000000eba00000, 0x00000000eba00000| Untracked 
| 187|0x00000000ebb00000, 0x00000000ebb00000, 0x00000000ebc00000|  0%| F|  |TAMS 0x00000000ebb00000, 0x00000000ebb00000| Untracked 
| 188|0x00000000ebc00000, 0x00000000ebc00000, 0x00000000ebd00000|  0%| F|  |TAMS 0x00000000ebc00000, 0x00000000ebc00000| Untracked 
| 189|0x00000000ebd00000, 0x00000000ebd00000, 0x00000000ebe00000|  0%| F|  |TAMS 0x00000000ebd00000, 0x00000000ebd00000| Untracked 
| 190|0x00000000ebe00000, 0x00000000ebe00000, 0x00000000ebf00000|  0%| F|  |TAMS 0x00000000ebe00000, 0x00000000ebe00000| Untracked 
| 191|0x00000000ebf00000, 0x00000000ebf00000, 0x00000000ec000000|  0%| F|  |TAMS 0x00000000ebf00000, 0x00000000ebf00000| Untracked 
| 192|0x00000000ec000000, 0x00000000ec000000, 0x00000000ec100000|  0%| F|  |TAMS 0x00000000ec000000, 0x00000000ec000000| Untracked 
| 193|0x00000000ec100000, 0x00000000ec100000, 0x00000000ec200000|  0%| F|  |TAMS 0x00000000ec100000, 0x00000000ec100000| Untracked 
| 194|0x00000000ec200000, 0x00000000ec200000, 0x00000000ec300000|  0%| F|  |TAMS 0x00000000ec200000, 0x00000000ec200000| Untracked 
| 195|0x00000000ec300000, 0x00000000ec300000, 0x00000000ec400000|  0%| F|  |TAMS 0x00000000ec300000, 0x00000000ec300000| Untracked 
| 196|0x00000000ec400000, 0x00000000ec400000, 0x00000000ec500000|  0%| F|  |TAMS 0x00000000ec400000, 0x00000000ec400000| Untracked 
| 197|0x00000000ec500000, 0x00000000ec500000, 0x00000000ec600000|  0%| F|  |TAMS 0x00000000ec500000, 0x00000000ec500000| Untracked 
| 198|0x00000000ec600000, 0x00000000ec600000, 0x00000000ec700000|  0%| F|  |TAMS 0x00000000ec600000, 0x00000000ec600000| Untracked 
| 199|0x00000000ec700000, 0x00000000ec700000, 0x00000000ec800000|  0%| F|  |TAMS 0x00000000ec700000, 0x00000000ec700000| Untracked 
| 200|0x00000000ec800000, 0x00000000ec800000, 0x00000000ec900000|  0%| F|  |TAMS 0x00000000ec800000, 0x00000000ec800000| Untracked 
| 201|0x00000000ec900000, 0x00000000ec900000, 0x00000000eca00000|  0%| F|  |TAMS 0x00000000ec900000, 0x00000000ec900000| Untracked 
| 202|0x00000000eca00000, 0x00000000eca00000, 0x00000000ecb00000|  0%| F|  |TAMS 0x00000000eca00000, 0x00000000eca00000| Untracked 
| 203|0x00000000ecb00000, 0x00000000ecb00000, 0x00000000ecc00000|  0%| F|  |TAMS 0x00000000ecb00000, 0x00000000ecb00000| Untracked 
| 204|0x00000000ecc00000, 0x00000000ecc00000, 0x00000000ecd00000|  0%| F|  |TAMS 0x00000000ecc00000, 0x00000000ecc00000| Untracked 
| 205|0x00000000ecd00000, 0x00000000ecd00000, 0x00000000ece00000|  0%| F|  |TAMS 0x00000000ecd00000, 0x00000000ecd00000| Untracked 
| 206|0x00000000ece00000, 0x00000000ece00000, 0x00000000ecf00000|  0%| F|  |TAMS 0x00000000ece00000, 0x00000000ece00000| Untracked 
| 207|0x00000000ecf00000, 0x00000000ecf00000, 0x00000000ed000000|  0%| F|  |TAMS 0x00000000ecf00000, 0x00000000ecf00000| Untracked 
| 208|0x00000000ed000000, 0x00000000ed000000, 0x00000000ed100000|  0%| F|  |TAMS 0x00000000ed000000, 0x00000000ed000000| Untracked 
| 209|0x00000000ed100000, 0x00000000ed100000, 0x00000000ed200000|  0%| F|  |TAMS 0x00000000ed100000, 0x00000000ed100000| Untracked 
| 210|0x00000000ed200000, 0x00000000ed200000, 0x00000000ed300000|  0%| F|  |TAMS 0x00000000ed200000, 0x00000000ed200000| Untracked 
| 211|0x00000000ed300000, 0x00000000ed300000, 0x00000000ed400000|  0%| F|  |TAMS 0x00000000ed300000, 0x00000000ed300000| Untracked 
| 212|0x00000000ed400000, 0x00000000ed400000, 0x00000000ed500000|  0%| F|  |TAMS 0x00000000ed400000, 0x00000000ed400000| Untracked 
| 213|0x00000000ed500000, 0x00000000ed500000, 0x00000000ed600000|  0%| F|  |TAMS 0x00000000ed500000, 0x00000000ed500000| Untracked 
| 214|0x00000000ed600000, 0x00000000ed600000, 0x00000000ed700000|  0%| F|  |TAMS 0x00000000ed600000, 0x00000000ed600000| Untracked 
| 215|0x00000000ed700000, 0x00000000ed700000, 0x00000000ed800000|  0%| F|  |TAMS 0x00000000ed700000, 0x00000000ed700000| Untracked 
| 216|0x00000000ed800000, 0x00000000ed800000, 0x00000000ed900000|  0%| F|  |TAMS 0x00000000ed800000, 0x00000000ed800000| Untracked 
| 217|0x00000000ed900000, 0x00000000ed900000, 0x00000000eda00000|  0%| F|  |TAMS 0x00000000ed900000, 0x00000000ed900000| Untracked 
| 218|0x00000000eda00000, 0x00000000eda00000, 0x00000000edb00000|  0%| F|  |TAMS 0x00000000eda00000, 0x00000000eda00000| Untracked 
| 219|0x00000000edb00000, 0x00000000edb00000, 0x00000000edc00000|  0%| F|  |TAMS 0x00000000edb00000, 0x00000000edb00000| Untracked 
| 220|0x00000000edc00000, 0x00000000edc00000, 0x00000000edd00000|  0%| F|  |TAMS 0x00000000edc00000, 0x00000000edc00000| Untracked 
| 221|0x00000000edd00000, 0x00000000edd00000, 0x00000000ede00000|  0%| F|  |TAMS 0x00000000edd00000, 0x00000000edd00000| Untracked 
| 222|0x00000000ede00000, 0x00000000ede00000, 0x00000000edf00000|  0%| F|  |TAMS 0x00000000ede00000, 0x00000000ede00000| Untracked 
| 223|0x00000000edf00000, 0x00000000edf00000, 0x00000000ee000000|  0%| F|  |TAMS 0x00000000edf00000, 0x00000000edf00000| Untracked 
| 224|0x00000000ee000000, 0x00000000ee000000, 0x00000000ee100000|  0%| F|  |TAMS 0x00000000ee000000, 0x00000000ee000000| Untracked 
| 225|0x00000000ee100000, 0x00000000ee100000, 0x00000000ee200000|  0%| F|  |TAMS 0x00000000ee100000, 0x00000000ee100000| Untracked 
| 226|0x00000000ee200000, 0x00000000ee200000, 0x00000000ee300000|  0%| F|  |TAMS 0x00000000ee200000, 0x00000000ee200000| Untracked 
| 227|0x00000000ee300000, 0x00000000ee300000, 0x00000000ee400000|  0%| F|  |TAMS 0x00000000ee300000, 0x00000000ee300000| Untracked 
| 228|0x00000000ee400000, 0x00000000ee400000, 0x00000000ee500000|  0%| F|  |TAMS 0x00000000ee400000, 0x00000000ee400000| Untracked 
| 229|0x00000000ee500000, 0x00000000ee500000, 0x00000000ee600000|  0%| F|  |TAMS 0x00000000ee500000, 0x00000000ee500000| Untracked 
| 230|0x00000000ee600000, 0x00000000ee600000, 0x00000000ee700000|  0%| F|  |TAMS 0x00000000ee600000, 0x00000000ee600000| Untracked 
| 231|0x00000000ee700000, 0x00000000ee700000, 0x00000000ee800000|  0%| F|  |TAMS 0x00000000ee700000, 0x00000000ee700000| Untracked 
| 232|0x00000000ee800000, 0x00000000ee800000, 0x00000000ee900000|  0%| F|  |TAMS 0x00000000ee800000, 0x00000000ee800000| Untracked 
| 233|0x00000000ee900000, 0x00000000ee900000, 0x00000000eea00000|  0%| F|  |TAMS 0x00000000ee900000, 0x00000000ee900000| Untracked 
| 234|0x00000000eea00000, 0x00000000eea00000, 0x00000000eeb00000|  0%| F|  |TAMS 0x00000000eea00000, 0x00000000eea00000| Untracked 
| 235|0x00000000eeb00000, 0x00000000eeb00000, 0x00000000eec00000|  0%| F|  |TAMS 0x00000000eeb00000, 0x00000000eeb00000| Untracked 
| 236|0x00000000eec00000, 0x00000000eec00000, 0x00000000eed00000|  0%| F|  |TAMS 0x00000000eec00000, 0x00000000eec00000| Untracked 
| 237|0x00000000eed00000, 0x00000000eed00000, 0x00000000eee00000|  0%| F|  |TAMS 0x00000000eed00000, 0x00000000eed00000| Untracked 
| 238|0x00000000eee00000, 0x00000000eee00000, 0x00000000eef00000|  0%| F|  |TAMS 0x00000000eee00000, 0x00000000eee00000| Untracked 
| 239|0x00000000eef00000, 0x00000000eef00000, 0x00000000ef000000|  0%| F|  |TAMS 0x00000000eef00000, 0x00000000eef00000| Untracked 
| 240|0x00000000ef000000, 0x00000000ef000000, 0x00000000ef100000|  0%| F|  |TAMS 0x00000000ef000000, 0x00000000ef000000| Untracked 
| 241|0x00000000ef100000, 0x00000000ef100000, 0x00000000ef200000|  0%| F|  |TAMS 0x00000000ef100000, 0x00000000ef100000| Untracked 
| 242|0x00000000ef200000, 0x00000000ef200000, 0x00000000ef300000|  0%| F|  |TAMS 0x00000000ef200000, 0x00000000ef200000| Untracked 
| 243|0x00000000ef300000, 0x00000000ef300000, 0x00000000ef400000|  0%| F|  |TAMS 0x00000000ef300000, 0x00000000ef300000| Untracked 
| 244|0x00000000ef400000, 0x00000000ef400000, 0x00000000ef500000|  0%| F|  |TAMS 0x00000000ef400000, 0x00000000ef400000| Untracked 
| 245|0x00000000ef500000, 0x00000000ef500000, 0x00000000ef600000|  0%| F|  |TAMS 0x00000000ef500000, 0x00000000ef500000| Untracked 
| 246|0x00000000ef600000, 0x00000000ef600000, 0x00000000ef700000|  0%| F|  |TAMS 0x00000000ef600000, 0x00000000ef600000| Untracked 
| 247|0x00000000ef700000, 0x00000000ef700000, 0x00000000ef800000|  0%| F|  |TAMS 0x00000000ef700000, 0x00000000ef700000| Untracked 
| 248|0x00000000ef800000, 0x00000000ef800000, 0x00000000ef900000|  0%| F|  |TAMS 0x00000000ef800000, 0x00000000ef800000| Untracked 
| 249|0x00000000ef900000, 0x00000000ef900000, 0x00000000efa00000|  0%| F|  |TAMS 0x00000000ef900000, 0x00000000ef900000| Untracked 
| 250|0x00000000efa00000, 0x00000000efb00000, 0x00000000efb00000|100%| S|CS|TAMS 0x00000000efa00000, 0x00000000efa00000| Complete 
| 251|0x00000000efb00000, 0x00000000efbccc48, 0x00000000efc00000| 79%| E|  |TAMS 0x00000000efb00000, 0x00000000efb00000| Complete 
| 252|0x00000000efc00000, 0x00000000efd00000, 0x00000000efd00000|100%| E|CS|TAMS 0x00000000efc00000, 0x00000000efc00000| Complete 
| 253|0x00000000efd00000, 0x00000000efe00000, 0x00000000efe00000|100%| E|CS|TAMS 0x00000000efd00000, 0x00000000efd00000| Complete 
| 254|0x00000000efe00000, 0x00000000eff00000, 0x00000000eff00000|100%| E|CS|TAMS 0x00000000efe00000, 0x00000000efe00000| Complete 
| 255|0x00000000eff00000, 0x00000000f0000000, 0x00000000f0000000|100%| E|CS|TAMS 0x00000000eff00000, 0x00000000eff00000| Complete 

Card table byte_map: [0x0000013799580000,0x0000013799680000] _byte_map_base: 0x0000013798e80000

Marking Bits (Prev, Next): (CMBitMap*) 0x00000137998c13c0, (CMBitMap*) 0x00000137998c1388
 Prev Bits: [0x00000137b0780000, 0x00000137b0f80000)
 Next Bits: [0x00000137aff80000, 0x00000137b0780000)

Polling page: 0x00000137977a0000

Metaspace:

Usage:
  Non-class:     65.06 MB capacity,    63.61 MB ( 98%) used,     1.18 MB (  2%) free+waste,   275.38 KB ( <1%) overhead. 
      Class:     10.48 MB capacity,     9.49 MB ( 90%) used,   888.38 KB (  8%) free+waste,   132.69 KB (  1%) overhead. 
       Both:     75.54 MB capacity,    73.10 MB ( 97%) used,     2.05 MB (  3%) free+waste,   408.06 KB ( <1%) overhead. 

Virtual space:
  Non-class space:       66.00 MB reserved,      65.25 MB ( 99%) committed 
      Class space:      376.00 MB reserved,      10.50 MB (  3%) committed 
             Both:      442.00 MB reserved,      75.75 MB ( 17%) committed 

Chunk freelists:
   Non-Class:  128 bytes
       Class:  2.25 KB
        Both:  2.38 KB

CodeHeap 'non-profiled nmethods': size=120064Kb used=5677Kb max_used=5677Kb free=114387Kb
 bounds [0x00000137a8a40000, 0x00000137a8fd0000, 0x00000137aff80000]
CodeHeap 'profiled nmethods': size=120000Kb used=21390Kb max_used=21390Kb free=98609Kb
 bounds [0x00000137a1510000, 0x00000137a2a00000, 0x00000137a8a40000]
CodeHeap 'non-nmethods': size=5696Kb used=2279Kb max_used=2332Kb free=3416Kb
 bounds [0x00000137a0f80000, 0x00000137a11f0000, 0x00000137a1510000]
 total_blobs=11188 nmethods=10307 adapters=793
 compilation: enabled
              stopped_count=0, restarted_count=0
 full_count=0

Compilation events (10 events):
Event: 2247.486 Thread 0x00000137b339d800 nmethod 10389 0x00000137a29f1c10 code [0x00000137a29f1e00, 0x00000137a29f2528]
Event: 2267.500 Thread 0x00000137b339d800 10390       3       org.gradle.internal.jvm.Jvm::forHome (52 bytes)
Event: 2267.505 Thread 0x00000137b339d800 nmethod 10390 0x00000137a29f2710 code [0x00000137a29f29c0, 0x00000137a29f3648]
Event: 2295.112 Thread 0x00000137b3386800 10391       4       java.util.stream.Collectors$$Lambda$66/0x0000000100178440::get (8 bytes)
Event: 2295.114 Thread 0x00000137b3386800 nmethod 10391 0x00000137a8fc9190 code [0x00000137a8fc9320, 0x00000137a8fc9478]
Event: 2297.502 Thread 0x00000137b3386800 10392   !   4       java.util.concurrent.ConcurrentHashMap::replaceNode (437 bytes)
Event: 2297.542 Thread 0x00000137b3386800 nmethod 10392 0x00000137a8fc9510 code [0x00000137a8fc96a0, 0x00000137a8fc9ed8]
Event: 2308.112 Thread 0x00000137b3386800 10393       4       sun.management.ManagementFactoryHelper::getMemoryPoolMXBeans (51 bytes)
Event: 2308.141 Thread 0x00000137b3386800 nmethod 10393 0x00000137a8fca310 code [0x00000137a8fca4e0, 0x00000137a8fcaf98]
Event: 2309.110 Thread 0x00000137b3386800 10394       4       org.gradle.launcher.daemon.server.health.gc.GarbageCollectionCheck::run (198 bytes)

GC Heap History (10 events):
Event: 206.116 GC heap before
{Heap before GC invocations=12 (full 0):
 garbage-first heap   total 262144K, used 179338K [0x00000000e0000000, 0x0000000100000000)
  region size 1024K, 153 young (156672K), 13 survivors (13312K)
 Metaspace       used 61977K, capacity 63696K, committed 63872K, reserved 440320K
  class space    used 8071K, capacity 8726K, committed 8832K, reserved 385024K
}
Event: 206.195 GC heap after
{Heap after GC invocations=13 (full 0):
 garbage-first heap   total 262144K, used 37432K [0x00000000e0000000, 0x0000000100000000)
  region size 1024K, 14 young (14336K), 14 survivors (14336K)
 Metaspace       used 61977K, capacity 63696K, committed 63872K, reserved 440320K
  class space    used 8071K, capacity 8726K, committed 8832K, reserved 385024K
}
Event: 466.113 GC heap before
{Heap before GC invocations=13 (full 0):
 garbage-first heap   total 262144K, used 178744K [0x00000000e0000000, 0x0000000100000000)
  region size 1024K, 153 young (156672K), 14 survivors (14336K)
 Metaspace       used 71146K, capacity 73461K, committed 73728K, reserved 448512K
  class space    used 9461K, capacity 10409K, committed 10496K, reserved 385024K
}
Event: 466.177 GC heap after
{Heap after GC invocations=14 (full 0):
 garbage-first heap   total 262144K, used 47096K [0x00000000e0000000, 0x0000000100000000)
  region size 1024K, 17 young (17408K), 17 survivors (17408K)
 Metaspace       used 71146K, capacity 73461K, committed 73728K, reserved 448512K
  class space    used 9461K, capacity 10409K, committed 10496K, reserved 385024K
}
Event: 470.539 GC heap before
{Heap before GC invocations=14 (full 0):
 garbage-first heap   total 262144K, used 186360K [0x00000000e0000000, 0x0000000100000000)
  region size 1024K, 153 young (156672K), 17 survivors (17408K)
 Metaspace       used 73149K, capacity 75560K, committed 75904K, reserved 450560K
  class space    used 9550K, capacity 10510K, committed 10624K, reserved 385024K
}
Event: 470.598 GC heap after
{Heap after GC invocations=15 (full 0):
 garbage-first heap   total 262144K, used 54272K [0x00000000e0000000, 0x0000000100000000)
  region size 1024K, 17 young (17408K), 17 survivors (17408K)
 Metaspace       used 73149K, capacity 75560K, committed 75904K, reserved 450560K
  class space    used 9550K, capacity 10510K, committed 10624K, reserved 385024K
}
Event: 1851.120 GC heap before
{Heap before GC invocations=15 (full 0):
 garbage-first heap   total 262144K, used 196608K [0x00000000e0000000, 0x0000000100000000)
  region size 1024K, 153 young (156672K), 17 survivors (17408K)
 Metaspace       used 74842K, capacity 77357K, committed 77568K, reserved 452608K
  class space    used 9712K, capacity 10734K, committed 10752K, reserved 385024K
}
Event: 1852.010 GC heap after
{Heap after GC invocations=16 (full 0):
 garbage-first heap   total 262144K, used 52736K [0x00000000e0000000, 0x0000000100000000)
  region size 1024K, 7 young (7168K), 7 survivors (7168K)
 Metaspace       used 74842K, capacity 77357K, committed 77568K, reserved 452608K
  class space    used 9712K, capacity 10734K, committed 10752K, reserved 385024K
}
Event: 2097.144 GC heap before
{Heap before GC invocations=16 (full 0):
 garbage-first heap   total 262144K, used 56832K [0x00000000e0000000, 0x0000000100000000)
  region size 1024K, 12 young (12288K), 7 survivors (7168K)
 Metaspace       used 74846K, capacity 77357K, committed 77568K, reserved 452608K
  class space    used 9712K, capacity 10734K, committed 10752K, reserved 385024K
}
Event: 2097.182 GC heap after
{Heap after GC invocations=17 (full 0):
 garbage-first heap   total 262144K, used 53760K [0x00000000e0000000, 0x0000000100000000)
  region size 1024K, 1 young (1024K), 1 survivors (1024K)
 Metaspace       used 74846K, capacity 77357K, committed 77568K, reserved 452608K
  class space    used 9712K, capacity 10734K, committed 10752K, reserved 385024K
}

Deoptimization events (10 events):
Event: 472.852 Thread 0x00000137b5c66800 Uncommon trap: reason=bimorphic_or_optimized_type_check action=maybe_recompile pc=0x00000137a8cb37c4 method=java.util.Collections$SetFromMap.remove(Ljava/lang/Object;)Z @ 5 c2
Event: 472.853 Thread 0x00000137b5c66800 Uncommon trap: reason=bimorphic_or_optimized_type_check action=maybe_recompile pc=0x00000137a8cb37c4 method=java.util.Collections$SetFromMap.remove(Ljava/lang/Object;)Z @ 5 c2
Event: 472.865 Thread 0x00000137b5c66800 Uncommon trap: reason=bimorphic_or_optimized_type_check action=maybe_recompile pc=0x00000137a8cb37c4 method=java.util.Collections$SetFromMap.remove(Ljava/lang/Object;)Z @ 5 c2
Event: 472.877 Thread 0x00000137b7b91000 Uncommon trap: reason=unstable_if action=reinterpret pc=0x00000137a8f53434 method=org.gradle.internal.snapshot.PathUtil.equalChars(CCLorg/gradle/internal/snapshot/CaseSensitivity;)Z @ 40 c2
Event: 472.877 Thread 0x00000137b7b91000 Uncommon trap: reason=unstable_if action=reinterpret pc=0x00000137a8d6196c method=org.gradle.internal.snapshot.PathUtil.equalChars(CCLorg/gradle/internal/snapshot/CaseSensitivity;)Z @ 40 c2
Event: 473.118 Thread 0x00000137b7b91000 Uncommon trap: reason=unstable_if action=reinterpret pc=0x00000137a8aa1098 method=java.util.jar.Manifest$FastInputStream.readLine([BII)I @ 130 c2
Event: 600.113 Thread 0x00000137b5192800 Uncommon trap: reason=class_check action=maybe_recompile pc=0x00000137a8f94ea0 method=jdk.internal.misc.Unsafe.allocateUninitializedArray(Ljava/lang/Class;I)Ljava/lang/Object; @ 48 c2
Event: 600.118 Thread 0x00000137b5192800 Uncommon trap: reason=class_check action=maybe_recompile pc=0x00000137a8f94ea0 method=jdk.internal.misc.Unsafe.allocateUninitializedArray(Ljava/lang/Class;I)Ljava/lang/Object; @ 48 c2
Event: 600.119 Thread 0x00000137b5192800 Uncommon trap: reason=class_check action=maybe_recompile pc=0x00000137a8f94ea0 method=jdk.internal.misc.Unsafe.allocateUninitializedArray(Ljava/lang/Class;I)Ljava/lang/Object; @ 48 c2
Event: 600.119 Thread 0x00000137b5192800 Uncommon trap: reason=class_check action=maybe_recompile pc=0x00000137a8f94ea0 method=jdk.internal.misc.Unsafe.allocateUninitializedArray(Ljava/lang/Class;I)Ljava/lang/Object; @ 48 c2

Classes redefined (0 events):
No events

Internal exceptions (10 events):
Event: 473.288 Thread 0x00000137b7b91000 Exception <a 'java/io/FileNotFoundException'{0x00000000ea833b80}> (0x00000000ea833b80) thrown at [./open/src/hotspot/share/prims/jni.cpp, line 611]
Event: 473.288 Thread 0x00000137b7b91000 Exception <a 'java/io/FileNotFoundException'{0x00000000ea835568}> (0x00000000ea835568) thrown at [./open/src/hotspot/share/prims/jni.cpp, line 611]
Event: 473.570 Thread 0x00000137b7b91000 Exception <a 'java/io/FileNotFoundException'{0x00000000e9db9000}> (0x00000000e9db9000) thrown at [./open/src/hotspot/share/prims/jni.cpp, line 611]
Event: 473.570 Thread 0x00000137b7b91000 Exception <a 'java/io/FileNotFoundException'{0x00000000e9dbb5c8}> (0x00000000e9dbb5c8) thrown at [./open/src/hotspot/share/prims/jni.cpp, line 611]
Event: 473.571 Thread 0x00000137b7b91000 Exception <a 'java/io/FileNotFoundException'{0x00000000e9dbd558}> (0x00000000e9dbd558) thrown at [./open/src/hotspot/share/prims/jni.cpp, line 611]
Event: 474.064 Thread 0x00000137ba591000 Exception <a 'java/lang/NoSuchMethodError'{0x00000000e925c598}: java.lang.invoke.DirectMethodHandle$Holder.invokeStatic(Ljava/lang/Object;J)V> (0x00000000e925c598) thrown at [./open/src/hotspot/share/interpreter/linkResolver.cpp, line 772]
Event: 474.064 Thread 0x00000137ba591000 Exception <a 'java/lang/NoSuchMethodError'{0x00000000e92613c0}: java.lang.invoke.DirectMethodHandle$Holder.invokeStatic(Ljava/lang/Object;J)Ljava/lang/Object;> (0x00000000e92613c0) thrown at [./open/src/hotspot/share/interpreter/linkResolver.cpp, line 772
Event: 474.065 Thread 0x00000137ba591000 Exception <a 'java/lang/NoSuchMethodError'{0x00000000e927b3c8}: java.lang.invoke.DirectMethodHandle$Holder.invokeSpecial(Ljava/lang/Object;Ljava/lang/Object;J)Ljava/lang/Object;> (0x00000000e927b3c8) thrown at [./open/src/hotspot/share/interpreter/linkRes
Event: 474.066 Thread 0x00000137ba591000 Exception <a 'java/lang/NoSuchMethodError'{0x00000000e9285988}: java.lang.invoke.DirectMethodHandle$Holder.invokeStatic(Ljava/lang/Object;Ljava/lang/Object;JLjava/lang/Object;)Ljava/lang/Object;> (0x00000000e9285988) thrown at [./open/src/hotspot/share/in
Event: 474.066 Thread 0x00000137ba591000 Exception <a 'java/lang/NoSuchMethodError'{0x00000000e9288a68}: java.lang.invoke.DirectMethodHandle$Holder.invokeStaticInit(Ljava/lang/Object;Ljava/lang/Object;JLjava/lang/Object;)Ljava/lang/Object;> (0x00000000e9288a68) thrown at [./open/src/hotspot/shar

Events (10 events):
Event: 998.989 loading class org/gradle/workers/internal/WorkerDaemonClient
Event: 998.989 loading class org/gradle/workers/internal/WorkerDaemonClient done
Event: 998.991 loading class org/gradle/workers/internal/WorkerDaemonClient
Event: 998.991 loading class org/gradle/workers/internal/WorkerDaemonClient done
Event: 1206.009 Thread 0x00000137ba590000 DEOPT PACKING pc=0x00000137a297509e sp=0x00000020a1efeb10
Event: 1206.020 Thread 0x00000137ba590000 DEOPT UNPACKING pc=0x00000137a0fa6d5e sp=0x00000020a1efe000 mode 0
Event: 1851.116 Executing VM operation: G1CollectForAllocation
Event: 1852.010 Executing VM operation: G1CollectForAllocation done
Event: 2097.119 Executing VM operation: G1CollectForAllocation
Event: 2097.182 Executing VM operation: G1CollectForAllocation done


Dynamic libraries:
0x00007ff75b080000 - 0x00007ff75b090000 	C:\Program Files\Java\jdk-11\bin\java.exe
0x00007ffc2a190000 - 0x00007ffc2a388000 	C:\Windows\SYSTEM32\ntdll.dll
0x00007ffc28430000 - 0x00007ffc284ef000 	C:\Windows\System32\KERNEL32.DLL
0x00007ffc27ae0000 - 0x00007ffc27db2000 	C:\Windows\System32\KERNELBASE.dll
0x00007ffc279b0000 - 0x00007ffc27ab0000 	C:\Windows\System32\ucrtbase.dll
0x00007ffc1bc00000 - 0x00007ffc1bc18000 	C:\Program Files\Java\jdk-11\bin\jli.dll
0x00007ffc281d0000 - 0x00007ffc2827e000 	C:\Windows\System32\ADVAPI32.dll
0x00007ffc295e0000 - 0x00007ffc2967e000 	C:\Windows\System32\msvcrt.dll
0x00007ffc28ec0000 - 0x00007ffc28f5c000 	C:\Windows\System32\sechost.dll
0x00007ffc287e0000 - 0x00007ffc28905000 	C:\Windows\System32\RPCRT4.dll
0x00007ffc28500000 - 0x00007ffc286a1000 	C:\Windows\System32\USER32.dll
0x00007ffc27ab0000 - 0x00007ffc27ad2000 	C:\Windows\System32\win32u.dll
0x00007ffc28e80000 - 0x00007ffc28eab000 	C:\Windows\System32\GDI32.dll
0x00007ffc27fc0000 - 0x00007ffc280cf000 	C:\Windows\System32\gdi32full.dll
0x00007ffc27880000 - 0x00007ffc2791d000 	C:\Windows\System32\msvcp_win.dll
0x00007ffc1bbe0000 - 0x00007ffc1bbfb000 	C:\Program Files\Java\jdk-11\bin\VCRUNTIME140.dll
0x00007ffc19180000 - 0x00007ffc1941a000 	C:\Windows\WinSxS\amd64_microsoft.windows.common-controls_6595b64144ccf1df_6.0.19041.1110_none_60b5254171f9507e\COMCTL32.dll
0x00007ffc20520000 - 0x00007ffc2052a000 	C:\Windows\SYSTEM32\VERSION.dll
0x00007ffc29390000 - 0x00007ffc293c2000 	C:\Windows\System32\IMM32.DLL
0x00007ffc1bbd0000 - 0x00007ffc1bbdc000 	C:\Program Files\Java\jdk-11\bin\vcruntime140_1.dll
0x00007ffc16390000 - 0x00007ffc1641e000 	C:\Program Files\Java\jdk-11\bin\msvcp140.dll
0x00007ffbe51a0000 - 0x00007ffbe5d08000 	C:\Program Files\Java\jdk-11\bin\server\jvm.dll
0x00007ffc284f0000 - 0x00007ffc284f8000 	C:\Windows\System32\PSAPI.DLL
0x00007ffc23260000 - 0x00007ffc23269000 	C:\Windows\SYSTEM32\WSOCK32.dll
0x00007ffc2a0e0000 - 0x00007ffc2a14b000 	C:\Windows\System32\WS2_32.dll
0x00007ffc0c960000 - 0x00007ffc0c987000 	C:\Windows\SYSTEM32\WINMM.dll
0x00007ffc25740000 - 0x00007ffc25752000 	C:\Windows\SYSTEM32\kernel.appcore.dll
0x00007ffc1bbc0000 - 0x00007ffc1bbd0000 	C:\Program Files\Java\jdk-11\bin\verify.dll
0x00007ffc1d700000 - 0x00007ffc1d8e4000 	C:\Windows\SYSTEM32\DBGHELP.DLL
0x00007ffc1d6c0000 - 0x00007ffc1d6f5000 	C:\Windows\SYSTEM32\dbgcore.DLL
0x00007ffc27920000 - 0x00007ffc279a2000 	C:\Windows\System32\bcryptPrimitives.dll
0x00007ffc131e0000 - 0x00007ffc13208000 	C:\Program Files\Java\jdk-11\bin\java.dll
0x00007ffc1bbb0000 - 0x00007ffc1bbba000 	C:\Program Files\Java\jdk-11\bin\jimage.dll
0x00007ffc1d3b0000 - 0x00007ffc1d3be000 	C:\Program Files\Java\jdk-11\bin\instrument.dll
0x00007ffc16370000 - 0x00007ffc16387000 	C:\Program Files\Java\jdk-11\bin\zip.dll
0x00007ffc29680000 - 0x00007ffc29dc4000 	C:\Windows\System32\SHELL32.dll
0x00007ffc25940000 - 0x00007ffc260d2000 	C:\Windows\SYSTEM32\windows.storage.dll
0x00007ffc28f60000 - 0x00007ffc292b5000 	C:\Windows\System32\combase.dll
0x00007ffc27270000 - 0x00007ffc272a0000 	C:\Windows\SYSTEM32\Wldp.dll
0x00007ffc286d0000 - 0x00007ffc2877d000 	C:\Windows\System32\SHCORE.dll
0x00007ffc29fa0000 - 0x00007ffc29ff5000 	C:\Windows\System32\shlwapi.dll
0x00007ffc277c0000 - 0x00007ffc277df000 	C:\Windows\SYSTEM32\profapi.dll
0x00007ffc15b20000 - 0x00007ffc15b39000 	C:\Program Files\Java\jdk-11\bin\net.dll
0x00007ffc20350000 - 0x00007ffc2045c000 	C:\Windows\SYSTEM32\WINHTTP.dll
0x00007ffc26fd0000 - 0x00007ffc2703a000 	C:\Windows\system32\mswsock.dll
0x00007ffc131c0000 - 0x00007ffc131d2000 	C:\Program Files\Java\jdk-11\bin\nio.dll
0x00007ffc14570000 - 0x00007ffc14597000 	C:\Users\Developer\.gradle\native\68d5fa5c4cc2d200863cafc0d521ce42e7d3e7ee720ec0a83991735586a16f82\windows-amd64\native-platform.dll
0x00007ffbe7660000 - 0x00007ffbe77a4000 	C:\Users\Developer\.gradle\native\e376f236ea51e6404a007f0833ffe2c6e607c4080706a723a18a27aeea778392\windows-amd64\native-platform-file-events.dll
0x00007ffc14860000 - 0x00007ffc14869000 	C:\Program Files\Java\jdk-11\bin\management.dll
0x00007ffc143f0000 - 0x00007ffc143fb000 	C:\Program Files\Java\jdk-11\bin\management_ext.dll
0x00007ffc271c0000 - 0x00007ffc271d8000 	C:\Windows\SYSTEM32\CRYPTSP.dll
0x00007ffc26880000 - 0x00007ffc268b4000 	C:\Windows\system32\rsaenh.dll
0x00007ffc27f90000 - 0x00007ffc27fb7000 	C:\Windows\System32\bcrypt.dll
0x00007ffc27780000 - 0x00007ffc277ae000 	C:\Windows\SYSTEM32\USERENV.dll
0x00007ffc271e0000 - 0x00007ffc271ec000 	C:\Windows\SYSTEM32\CRYPTBASE.dll
0x00007ffc26c50000 - 0x00007ffc26c8b000 	C:\Windows\SYSTEM32\IPHLPAPI.DLL
0x00007ffc28d80000 - 0x00007ffc28d88000 	C:\Windows\System32\NSI.dll
0x00007ffc20500000 - 0x00007ffc20517000 	C:\Windows\SYSTEM32\dhcpcsvc6.DLL
0x00007ffc204e0000 - 0x00007ffc204fd000 	C:\Windows\SYSTEM32\dhcpcsvc.DLL
0x00007ffc26c90000 - 0x00007ffc26d5a000 	C:\Windows\SYSTEM32\DNSAPI.dll
0x00007ffc23310000 - 0x00007ffc2331d000 	C:\Program Files\Java\jdk-11\bin\sunmscapi.dll
0x00007ffc27dc0000 - 0x00007ffc27f16000 	C:\Windows\System32\CRYPT32.dll
0x00007ffc272e0000 - 0x00007ffc27307000 	C:\Windows\SYSTEM32\ncrypt.dll
0x00007ffc272a0000 - 0x00007ffc272db000 	C:\Windows\SYSTEM32\NTASN1.dll
0x00007ffc17da0000 - 0x00007ffc17dc7000 	C:\Program Files\Java\jdk-11\bin\sunec.dll
0x00007ffc1ef70000 - 0x00007ffc1ef7a000 	C:\Windows\System32\rasadhlp.dll
0x00007ffc1f140000 - 0x00007ffc1f1c0000 	C:\Windows\System32\fwpuclnt.dll

dbghelp: loaded successfully - version: 4.0.5 - missing functions: none
symbol engine: initialized successfully - sym options: 0x614 - pdb path: .;C:\Program Files\Java\jdk-11\bin;C:\Windows\SYSTEM32;C:\Windows\WinSxS\amd64_microsoft.windows.common-controls_6595b64144ccf1df_6.0.19041.1110_none_60b5254171f9507e;C:\Program Files\Java\jdk-11\bin\server;C:\Users\Developer\.gradle\native\68d5fa5c4cc2d200863cafc0d521ce42e7d3e7ee720ec0a83991735586a16f82\windows-amd64;C:\Users\Developer\.gradle\native\e376f236ea51e6404a007f0833ffe2c6e607c4080706a723a18a27aeea778392\windows-amd64

VM Arguments:
jvm_args: --add-opens=java.base/java.util=ALL-UNNAMED --add-opens=java.base/java.lang=ALL-UNNAMED --add-opens=java.base/java.lang.invoke=ALL-UNNAMED --add-opens=java.prefs/java.util.prefs=ALL-UNNAMED --add-opens=java.base/java.nio.charset=ALL-UNNAMED --add-opens=java.base/java.net=ALL-UNNAMED --add-opens=java.base/java.util.concurrent.atomic=ALL-UNNAMED -XX:MaxMetaspaceSize=384m -XX:+HeapDumpOnOutOfMemoryError -Xms256m -Xmx512m -Dfile.encoding=windows-1252 -Duser.country=US -Duser.language=en -Duser.variant -javaagent:C:\opt\Gradle\gradle-8.1.1\lib\agents\gradle-instrumentation-agent-8.1.1.jar 
java_command: org.gradle.launcher.daemon.bootstrap.GradleDaemon 8.1.1
java_class_path (initial): C:\opt\Gradle\gradle-8.1.1\lib\gradle-launcher-8.1.1.jar
Launcher Type: SUN_STANDARD

[Global flags]
     intx CICompilerCount                          = 2                                         {product} {ergonomic}
   size_t CompressedClassSpaceSize                 = 394264576                                 {product} {ergonomic}
     uint ConcGCThreads                            = 1                                         {product} {ergonomic}
     uint G1ConcRefinementThreads                  = 2                                         {product} {ergonomic}
   size_t G1HeapRegionSize                         = 1048576                                   {product} {ergonomic}
    uintx GCDrainStackTargetSize                   = 64                                        {product} {ergonomic}
     bool HeapDumpOnOutOfMemoryError               = true                                   {manageable} {command line}
   size_t InitialHeapSize                          = 268435456                                 {product} {command line}
   size_t MarkStackSize                            = 4194304                                   {product} {ergonomic}
   size_t MaxHeapSize                              = 536870912                                 {product} {command line}
   size_t MaxMetaspaceSize                         = 402653184                                 {product} {command line}
   size_t MaxNewSize                               = 321912832                                 {product} {ergonomic}
   size_t MinHeapDeltaBytes                        = 1048576                                   {product} {ergonomic}
    uintx NonNMethodCodeHeapSize                   = 5825164                                {pd product} {ergonomic}
    uintx NonProfiledCodeHeapSize                  = 122916538                              {pd product} {ergonomic}
    uintx ProfiledCodeHeapSize                     = 122916538                              {pd product} {ergonomic}
    uintx ReservedCodeCacheSize                    = 251658240                              {pd product} {ergonomic}
     bool SegmentedCodeCache                       = true                                      {product} {ergonomic}
     bool UseCompressedClassPointers               = true                                 {lp64_product} {ergonomic}
     bool UseCompressedOops                        = true                                 {lp64_product} {ergonomic}
     bool UseG1GC                                  = true                                      {product} {ergonomic}
     bool UseLargePagesIndividualAllocation        = false                                  {pd product} {ergonomic}

Logging:
Log output configuration:
 #0: stdout all=warning uptime,level,tags
 #1: stderr all=off uptime,level,tags

Environment Variables:
JAVA_HOME=C:\Program Files\Java\jdk-11
CLASSPATH=C:\opt\Gradle\gradle-8.1.1\lib\gradle-launcher-8.1.1.jar
PATH=C:\Program Files\Java\jdk-11\bin;C:\Program Files\Common Files\Oracle\Java\javapath;C:\Windows\system32;C:\Windows;C:\Windows\System32\Wbem;C:\Windows\System32\WindowsPowerShell\v1.0\;C:\Windows\System32\OpenSSH\;C:\Program Files\Git\cmd;C:\Program Files\jq;C:\opt\Gradle\gradle-8.1.1\bin;C:\opt\apache-jmeter-5.6\bin;C:\Users\Developer\AppData\Local\Microsoft\WindowsApps;;C:\Program Files\JetBrains\IntelliJ IDEA Community Edition 2023.1.2\bin;
USERNAME=Developer
OS=Windows_NT
PROCESSOR_IDENTIFIER=Intel64 Family 6 Model 142 Stepping 9, GenuineIntel



---------------  S Y S T E M  ---------------

OS: Windows 10 , 64 bit Build 19041 (10.0.19041.2364)

CPU:total 2 (initial active 2) (2 cores per cpu, 1 threads per core) family 6 model 142 stepping 9 microcode 0x0, cmov, cx8, fxsr, mmx, sse, sse2, sse3, ssse3, sse4.1, sse4.2, popcnt, avx, avx2, aes, clmul, 3dnowpref, lzcnt, tsc, tscinvbit, bmi1, bmi2

Memory: 4k page, system-wide physical 8091M (1102M free)
TotalPageFile size 16213M (AvailPageFile size 4M)
current process WorkingSet (physical memory assigned to process): 132M, peak: 414M
current process commit charge ("private bytes"): 489M, peak: 497M

vm_info: Java HotSpot(TM) 64-Bit Server VM (11.0.18+9-LTS-195) for windows-amd64 JRE (11.0.18+9-LTS-195), built on Dec  6 2022 15:50:58 by "mach5one" with MS VC++ 17.1 (VS2022)

END.
