#
# There is insufficient memory for the Java Runtime Environment to continue.
# Native memory allocation (malloc) failed to allocate 526416 bytes for Chunk::new
# Possible reasons:
#   The system is out of physical RAM or swap space
#   The process is running with CompressedOops enabled, and the Java Heap may be blocking the growth of the native heap
# Possible solutions:
#   Reduce memory load on the system
#   Increase physical memory or swap space
#   Check if swap backing store is full
#   Decrease Java heap size (-Xmx/-Xms)
#   Decrease number of Java threads
#   Decrease Java thread stack sizes (-Xss)
#   Set larger code cache with -XX:ReservedCodeCacheSize=
#   JVM is running with Unscaled Compressed Oops mode in which the Java heap is
#     placed in the first 4GB address space. The Java Heap base address is the
#     maximum limit for the native heap growth. Please use -XX:HeapBaseMinAddress
#     to set the Java Heap base and to place the Java Heap above 4GB virtual address.
# This output file may be truncated or incomplete.
#
#  Out of Memory Error (./open/src/hotspot/share/memory/arena.cpp:197), pid=8980, tid=8320
#
# JRE version: Java(TM) SE Runtime Environment 18.9 (11.0.18+9) (build 11.0.18+9-LTS-195)
# Java VM: Java HotSpot(TM) 64-Bit Server VM 18.9 (11.0.18+9-LTS-195, mixed mode, tiered, compressed oops, g1 gc, windows-amd64)
# No core dump will be written. Minidumps are not enabled by default on client versions of Windows
#

---------------  S U M M A R Y ------------

Command Line: --add-opens=java.base/java.util=ALL-UNNAMED --add-opens=java.base/java.lang=ALL-UNNAMED --add-opens=java.base/java.lang.invoke=ALL-UNNAMED --add-opens=java.prefs/java.util.prefs=ALL-UNNAMED --add-opens=java.base/java.nio.charset=ALL-UNNAMED --add-opens=java.base/java.net=ALL-UNNAMED --add-opens=java.base/java.util.concurrent.atomic=ALL-UNNAMED -XX:MaxMetaspaceSize=256m -XX:+HeapDumpOnOutOfMemoryError -Xms256m -Xmx512m -Dfile.encoding=windows-1252 -Duser.country=US -Duser.language=en -Duser.variant org.gradle.launcher.daemon.bootstrap.GradleDaemon 7.6.1

Host: Intel(R) Core(TM) i7-7500U CPU @ 2.70GHz, 2 cores, 7G,  Windows 10 , 64 bit Build 19041 (10.0.19041.2364)
Time: Wed Jun 28 00:18:14 2023 Central Standard Time (Mexico) elapsed time: 47.350348 seconds (0d 0h 0m 47s)

---------------  T H R E A D  ---------------

Current thread (0x000001b1b8e78000):  JavaThread "C2 CompilerThread0" daemon [_thread_in_native, id=8320, stack(0x0000000317200000,0x0000000317300000)]


Current CompileTask:
C2:  47350 4991       4       org.objectweb.asm.MethodWriter::computeAllFrames (510 bytes)

Stack: [0x0000000317200000,0x0000000317300000]
Native frames: (J=compiled Java code, j=interpreted, Vv=VM code, C=native code)
V  [jvm.dll+0x65d8aa]
V  [jvm.dll+0x79fc1f]
V  [jvm.dll+0x7a12e9]
V  [jvm.dll+0x7a1983]
V  [jvm.dll+0x2585b5]
V  [jvm.dll+0xb284c]
V  [jvm.dll+0xb2e0c]
V  [jvm.dll+0x2c9c42]
V  [jvm.dll+0x56d7dc]
V  [jvm.dll+0x21a251]
V  [jvm.dll+0x213a35]
V  [jvm.dll+0x210264]
V  [jvm.dll+0x18c641]
V  [jvm.dll+0x220609]
V  [jvm.dll+0x21e92c]
V  [jvm.dll+0x763f61]
V  [jvm.dll+0x75c924]
V  [jvm.dll+0x65c755]
C  [ucrtbase.dll+0x21bb2]
C  [KERNEL32.DLL+0x17614]
C  [ntdll.dll+0x526a1]


---------------  P R O C E S S  ---------------

Threads class SMR info:
_java_thread_list=0x000001b1be1eb620, length=54, elements={
0x000001b19f39a800, 0x000001b1b8e54800, 0x000001b1b8e58000, 0x000001b1b8e72000,
0x000001b1b8e73800, 0x000001b1b8e74800, 0x000001b1b8e78000, 0x000001b1b8e79000,
0x000001b1b972c000, 0x000001b1b9826000, 0x000001b1bb062800, 0x000001b1b9d69800,
0x000001b1bb089000, 0x000001b1b9a8d800, 0x000001b1b9a8e000, 0x000001b1bac04800,
0x000001b1baa77800, 0x000001b1ba486000, 0x000001b1ba531000, 0x000001b1bad53000,
0x000001b1bad53800, 0x000001b1bad51000, 0x000001b1bad52000, 0x000001b1bb24a800,
0x000001b1bb24c000, 0x000001b1bb249000, 0x000001b1bb247800, 0x000001b1bb24e000,
0x000001b1bb249800, 0x000001b1bb248000, 0x000001b1bb24e800, 0x000001b1bb24f800,
0x000001b1bb250800, 0x000001b1bb24b800, 0x000001b1bb252000, 0x000001b1bb252800,
0x000001b1bb254800, 0x000001b1bb253800, 0x000001b1bb256000, 0x000001b1bb726000,
0x000001b1bb72a800, 0x000001b1bb726800, 0x000001b1bb72a000, 0x000001b1bb727800,
0x000001b1bb728800, 0x000001b1bb725000, 0x000001b1bb72b800, 0x000001b1bb72c800,
0x000001b1bb72d000, 0x000001b1bb72f000, 0x000001b1bb729000, 0x000001b1bb72e000,
0x000001b1bb732000, 0x000001b1bb733800
}

Java Threads: ( => current thread )
  0x000001b19f39a800 JavaThread "main" [_thread_blocked, id=14708, stack(0x0000000316600000,0x0000000316700000)]
  0x000001b1b8e54800 JavaThread "Reference Handler" daemon [_thread_blocked, id=11116, stack(0x0000000316d00000,0x0000000316e00000)]
  0x000001b1b8e58000 JavaThread "Finalizer" daemon [_thread_blocked, id=12460, stack(0x0000000316e00000,0x0000000316f00000)]
  0x000001b1b8e72000 JavaThread "Signal Dispatcher" daemon [_thread_blocked, id=4792, stack(0x0000000316f00000,0x0000000317000000)]
  0x000001b1b8e73800 JavaThread "Attach Listener" daemon [_thread_blocked, id=9044, stack(0x0000000317000000,0x0000000317100000)]
  0x000001b1b8e74800 JavaThread "Service Thread" daemon [_thread_blocked, id=1480, stack(0x0000000317100000,0x0000000317200000)]
=>0x000001b1b8e78000 JavaThread "C2 CompilerThread0" daemon [_thread_in_native, id=8320, stack(0x0000000317200000,0x0000000317300000)]
  0x000001b1b8e79000 JavaThread "C1 CompilerThread0" daemon [_thread_in_native, id=15168, stack(0x0000000317300000,0x0000000317400000)]
  0x000001b1b972c000 JavaThread "Sweeper thread" daemon [_thread_blocked, id=13948, stack(0x0000000317400000,0x0000000317500000)]
  0x000001b1b9826000 JavaThread "Common-Cleaner" daemon [_thread_blocked, id=3188, stack(0x0000000317500000,0x0000000317600000)]
  0x000001b1bb062800 JavaThread "Daemon health stats" [_thread_blocked, id=6184, stack(0x0000000317800000,0x0000000317900000)]
  0x000001b1b9d69800 JavaThread "Incoming local TCP Connector on port 52023" [_thread_in_native, id=8580, stack(0x0000000317900000,0x0000000317a00000)]
  0x000001b1bb089000 JavaThread "Daemon periodic checks" [_thread_blocked, id=8480, stack(0x0000000317a00000,0x0000000317b00000)]
  0x000001b1b9a8d800 JavaThread "Daemon" [_thread_blocked, id=6968, stack(0x0000000317b00000,0x0000000317c00000)]
  0x000001b1b9a8e000 JavaThread "Handler for socket connection from /127.0.0.1:52023 to /127.0.0.1:52024" [_thread_in_native, id=14932, stack(0x0000000317c00000,0x0000000317d00000)]
  0x000001b1bac04800 JavaThread "Cancel handler" [_thread_blocked, id=12912, stack(0x0000000317d00000,0x0000000317e00000)]
  0x000001b1baa77800 JavaThread "Daemon worker" [_thread_in_vm, id=11308, stack(0x0000000317e00000,0x0000000317f00000)]
  0x000001b1ba486000 JavaThread "Asynchronous log dispatcher for DefaultDaemonConnection: socket connection from /127.0.0.1:52023 to /127.0.0.1:52024" [_thread_blocked, id=6040, stack(0x0000000317f00000,0x0000000318000000)]
  0x000001b1ba531000 JavaThread "Stdin handler" [_thread_blocked, id=9416, stack(0x0000000318000000,0x0000000318100000)]
  0x000001b1bad53000 JavaThread "Daemon client event forwarder" [_thread_blocked, id=15268, stack(0x0000000318100000,0x0000000318200000)]
  0x000001b1bad53800 JavaThread "Cache worker for journal cache (C:\Users\Developer\.gradle\caches\journal-1)" [_thread_blocked, id=13576, stack(0x0000000318200000,0x0000000318300000)]
  0x000001b1bad51000 JavaThread "File lock request listener" [_thread_in_native, id=15124, stack(0x0000000318300000,0x0000000318400000)]
  0x000001b1bad52000 JavaThread "Cache worker for file hash cache (C:\Users\Developer\.gradle\caches\7.6.1\fileHashes)" [_thread_blocked, id=2080, stack(0x0000000318400000,0x0000000318500000)]
  0x000001b1bb24a800 JavaThread "File watcher server" daemon [_thread_in_native, id=15008, stack(0x0000000318500000,0x0000000318600000)]
  0x000001b1bb24c000 JavaThread "File watcher consumer" daemon [_thread_blocked, id=7944, stack(0x0000000318600000,0x0000000318700000)]
  0x000001b1bb249000 JavaThread "jar transforms" [_thread_blocked, id=8500, stack(0x0000000318700000,0x0000000318800000)]
  0x000001b1bb247800 JavaThread "jar transforms Thread 2" [_thread_blocked, id=2996, stack(0x0000000318800000,0x0000000318900000)]
  0x000001b1bb24e000 JavaThread "Cache worker for checksums cache (C:\SpringLabs\Projects\shopping-service\.gradle\7.6.1\checksums)" [_thread_blocked, id=8744, stack(0x0000000318900000,0x0000000318a00000)]
  0x000001b1bb249800 JavaThread "Cache worker for cache directory md-rule (C:\Users\Developer\.gradle\caches\7.6.1\md-rule)" [_thread_blocked, id=11372, stack(0x0000000318a00000,0x0000000318b00000)]
  0x000001b1bb248000 JavaThread "Cache worker for file content cache (C:\Users\Developer\.gradle\caches\7.6.1\fileContent)" [_thread_blocked, id=5900, stack(0x0000000318b00000,0x0000000318c00000)]
  0x000001b1bb24e800 JavaThread "Cache worker for file hash cache (C:\SpringLabs\Projects\shopping-service\.gradle\7.6.1\fileHashes)" [_thread_blocked, id=11988, stack(0x0000000318c00000,0x0000000318d00000)]
  0x000001b1bb24f800 JavaThread "Cache worker for cache directory md-supplier (C:\Users\Developer\.gradle\caches\7.6.1\md-supplier)" [_thread_blocked, id=15260, stack(0x0000000318d00000,0x0000000318e00000)]
  0x000001b1bb250800 JavaThread "Cache worker for execution history cache (C:\Users\Developer\.gradle\caches\7.6.1\executionHistory)" [_thread_blocked, id=10188, stack(0x0000000318e00000,0x0000000318f00000)]
  0x000001b1bb24b800 JavaThread "Cache worker for dependencies-accessors (C:\SpringLabs\Projects\shopping-service\.gradle\7.6.1\dependencies-accessors)" [_thread_blocked, id=14644, stack(0x0000000318f00000,0x0000000319000000)]
  0x000001b1bb252000 JavaThread "Cache worker for Build Output Cleanup Cache (C:\SpringLabs\Projects\shopping-service\.gradle\buildOutputCleanup)" [_thread_blocked, id=9772, stack(0x0000000319200000,0x0000000319300000)]
  0x000001b1bb252800 JavaThread "Unconstrained build operations" [_thread_blocked, id=5356, stack(0x0000000319300000,0x0000000319400000)]
  0x000001b1bb254800 JavaThread "Unconstrained build operations Thread 2" [_thread_blocked, id=10396, stack(0x0000000319400000,0x0000000319500000)]
  0x000001b1bb253800 JavaThread "Unconstrained build operations Thread 3" [_thread_blocked, id=14960, stack(0x0000000319500000,0x0000000319600000)]
  0x000001b1bb256000 JavaThread "Unconstrained build operations Thread 4" [_thread_blocked, id=13168, stack(0x0000000319600000,0x0000000319700000)]
  0x000001b1bb726000 JavaThread "Unconstrained build operations Thread 5" [_thread_blocked, id=14940, stack(0x0000000319700000,0x0000000319800000)]
  0x000001b1bb72a800 JavaThread "Unconstrained build operations Thread 6" [_thread_blocked, id=11968, stack(0x0000000319800000,0x0000000319900000)]
  0x000001b1bb726800 JavaThread "Unconstrained build operations Thread 7" [_thread_blocked, id=8048, stack(0x0000000319900000,0x0000000319a00000)]
  0x000001b1bb72a000 JavaThread "Unconstrained build operations Thread 8" [_thread_blocked, id=12700, stack(0x0000000319a00000,0x0000000319b00000)]
  0x000001b1bb727800 JavaThread "Unconstrained build operations Thread 9" [_thread_blocked, id=8152, stack(0x0000000319b00000,0x0000000319c00000)]
  0x000001b1bb728800 JavaThread "Unconstrained build operations Thread 10" [_thread_blocked, id=14416, stack(0x0000000319c00000,0x0000000319d00000)]
  0x000001b1bb725000 JavaThread "Unconstrained build operations Thread 11" [_thread_blocked, id=7380, stack(0x0000000319d00000,0x0000000319e00000)]
  0x000001b1bb72b800 JavaThread "Unconstrained build operations Thread 12" [_thread_blocked, id=14920, stack(0x0000000319e00000,0x0000000319f00000)]
  0x000001b1bb72c800 JavaThread "Unconstrained build operations Thread 13" [_thread_blocked, id=14536, stack(0x0000000319f00000,0x000000031a000000)]
  0x000001b1bb72d000 JavaThread "Unconstrained build operations Thread 14" [_thread_blocked, id=10388, stack(0x000000031a000000,0x000000031a100000)]
  0x000001b1bb72f000 JavaThread "Unconstrained build operations Thread 15" [_thread_blocked, id=15096, stack(0x000000031a100000,0x000000031a200000)]
  0x000001b1bb729000 JavaThread "Unconstrained build operations Thread 16" [_thread_blocked, id=5284, stack(0x000000031a200000,0x000000031a300000)]
  0x000001b1bb72e000 JavaThread "Unconstrained build operations Thread 17" [_thread_blocked, id=15208, stack(0x000000031a300000,0x000000031a400000)]
  0x000001b1bb732000 JavaThread "Unconstrained build operations Thread 18" [_thread_blocked, id=9132, stack(0x000000031a400000,0x000000031a500000)]
  0x000001b1bb733800 JavaThread "Memory manager" [_thread_blocked, id=3808, stack(0x000000031a500000,0x000000031a600000)]

Other Threads:
  0x000001b1b8e31800 VMThread "VM Thread" [stack: 0x0000000316c00000,0x0000000316d00000] [id=440]
  0x000001b1b9865800 WatcherThread [stack: 0x0000000317600000,0x0000000317700000] [id=15092]
  0x000001b19f3b0800 GCTaskThread "GC Thread#0" [stack: 0x0000000316700000,0x0000000316800000] [id=13116]
  0x000001b1b9972000 GCTaskThread "GC Thread#1" [stack: 0x0000000317700000,0x0000000317800000] [id=3384]
  0x000001b19f3c1000 ConcurrentGCThread "G1 Main Marker" [stack: 0x0000000316800000,0x0000000316900000] [id=14800]
  0x000001b19f3c2800 ConcurrentGCThread "G1 Conc#0" [stack: 0x0000000316900000,0x0000000316a00000] [id=12324]
  0x000001b19f47d800 ConcurrentGCThread "G1 Refine#0" [stack: 0x0000000316a00000,0x0000000316b00000] [id=13748]
  0x000001b1b8ccb800 ConcurrentGCThread "G1 Young RemSet Sampling" [stack: 0x0000000316b00000,0x0000000316c00000] [id=3744]

Threads with active compile tasks:
C2 CompilerThread0    47401 4991       4       org.objectweb.asm.MethodWriter::computeAllFrames (510 bytes)

VM state:not at safepoint (normal execution)

VM Mutex/Monitor currently owned by a thread: None

Heap address: 0x00000000e0000000, size: 512 MB, Compressed Oops mode: 32-bit
Narrow klass base: 0x0000000000000000, Narrow klass shift: 3
Compressed class space size: 260046848 Address: 0x0000000100000000

Heap:
 garbage-first heap   total 262144K, used 162617K [0x00000000e0000000, 0x0000000100000000)
  region size 1024K, 111 young (113664K), 17 survivors (17408K)
 Metaspace       used 54838K, capacity 56409K, committed 56576K, reserved 303104K
  class space    used 7247K, capacity 7933K, committed 7936K, reserved 253952K
Heap Regions: E=young(eden), S=young(survivor), O=old, HS=humongous(starts), HC=humongous(continues), CS=collection set, F=free, A=archive, TAMS=top-at-mark-start (previous, next)
|   0|0x00000000e0000000, 0x00000000e0100000, 0x00000000e0100000|100%| O|  |TAMS 0x00000000e0100000, 0x00000000e0000000| Untracked 
|   1|0x00000000e0100000, 0x00000000e0200000, 0x00000000e0200000|100%|HS|  |TAMS 0x00000000e0200000, 0x00000000e0100000| Complete 
|   2|0x00000000e0200000, 0x00000000e0300000, 0x00000000e0300000|100%|HC|  |TAMS 0x00000000e0300000, 0x00000000e0200000| Complete 
|   3|0x00000000e0300000, 0x00000000e0400000, 0x00000000e0400000|100%|HC|  |TAMS 0x00000000e0400000, 0x00000000e0300000| Complete 
|   4|0x00000000e0400000, 0x00000000e0500000, 0x00000000e0500000|100%| O|  |TAMS 0x00000000e0500000, 0x00000000e0400000| Untracked 
|   5|0x00000000e0500000, 0x00000000e0600000, 0x00000000e0600000|100%| O|  |TAMS 0x00000000e0600000, 0x00000000e0500000| Untracked 
|   6|0x00000000e0600000, 0x00000000e0700000, 0x00000000e0700000|100%| O|  |TAMS 0x00000000e0700000, 0x00000000e0600000| Untracked 
|   7|0x00000000e0700000, 0x00000000e0800000, 0x00000000e0800000|100%| O|  |TAMS 0x00000000e0800000, 0x00000000e0700000| Untracked 
|   8|0x00000000e0800000, 0x00000000e0900000, 0x00000000e0900000|100%| O|  |TAMS 0x00000000e0900000, 0x00000000e0800000| Untracked 
|   9|0x00000000e0900000, 0x00000000e0a00000, 0x00000000e0a00000|100%| O|  |TAMS 0x00000000e0a00000, 0x00000000e0900000| Untracked 
|  10|0x00000000e0a00000, 0x00000000e0b00000, 0x00000000e0b00000|100%| O|  |TAMS 0x00000000e0b00000, 0x00000000e0a00000| Untracked 
|  11|0x00000000e0b00000, 0x00000000e0c00000, 0x00000000e0c00000|100%| O|  |TAMS 0x00000000e0c00000, 0x00000000e0b00000| Untracked 
|  12|0x00000000e0c00000, 0x00000000e0d00000, 0x00000000e0d00000|100%| O|  |TAMS 0x00000000e0d00000, 0x00000000e0c00000| Untracked 
|  13|0x00000000e0d00000, 0x00000000e0e00000, 0x00000000e0e00000|100%| O|  |TAMS 0x00000000e0e00000, 0x00000000e0d00000| Untracked 
|  14|0x00000000e0e00000, 0x00000000e0f00000, 0x00000000e0f00000|100%| O|  |TAMS 0x00000000e0f00000, 0x00000000e0e00000| Untracked 
|  15|0x00000000e0f00000, 0x00000000e1000000, 0x00000000e1000000|100%| O|  |TAMS 0x00000000e0f30c00, 0x00000000e0f00000| Untracked 
|  16|0x00000000e1000000, 0x00000000e1100000, 0x00000000e1100000|100%|HS|  |TAMS 0x00000000e1100000, 0x00000000e1000000| Complete 
|  17|0x00000000e1100000, 0x00000000e1200000, 0x00000000e1200000|100%|HC|  |TAMS 0x00000000e1200000, 0x00000000e1100000| Complete 
|  18|0x00000000e1200000, 0x00000000e1300000, 0x00000000e1300000|100%|HS|  |TAMS 0x00000000e1300000, 0x00000000e1200000| Complete 
|  19|0x00000000e1300000, 0x00000000e1400000, 0x00000000e1400000|100%|HC|  |TAMS 0x00000000e1400000, 0x00000000e1300000| Complete 
|  20|0x00000000e1400000, 0x00000000e1500000, 0x00000000e1500000|100%|HC|  |TAMS 0x00000000e1500000, 0x00000000e1400000| Complete 
|  21|0x00000000e1500000, 0x00000000e1600000, 0x00000000e1600000|100%|HS|  |TAMS 0x00000000e1600000, 0x00000000e1500000| Complete 
|  22|0x00000000e1600000, 0x00000000e1700000, 0x00000000e1700000|100%|HC|  |TAMS 0x00000000e1700000, 0x00000000e1600000| Complete 
|  23|0x00000000e1700000, 0x00000000e1800000, 0x00000000e1800000|100%|HS|  |TAMS 0x00000000e1800000, 0x00000000e1700000| Complete 
|  24|0x00000000e1800000, 0x00000000e1900000, 0x00000000e1900000|100%|HC|  |TAMS 0x00000000e1900000, 0x00000000e1800000| Complete 
|  25|0x00000000e1900000, 0x00000000e1a00000, 0x00000000e1a00000|100%|HC|  |TAMS 0x00000000e1a00000, 0x00000000e1900000| Complete 
|  26|0x00000000e1a00000, 0x00000000e1b00000, 0x00000000e1b00000|100%|HC|  |TAMS 0x00000000e1b00000, 0x00000000e1a00000| Complete 
|  27|0x00000000e1b00000, 0x00000000e1c00000, 0x00000000e1c00000|100%|HC|  |TAMS 0x00000000e1c00000, 0x00000000e1b00000| Complete 
|  28|0x00000000e1c00000, 0x00000000e1d00000, 0x00000000e1d00000|100%|HC|  |TAMS 0x00000000e1d00000, 0x00000000e1c00000| Complete 
|  29|0x00000000e1d00000, 0x00000000e1e00000, 0x00000000e1e00000|100%|HC|  |TAMS 0x00000000e1e00000, 0x00000000e1d00000| Complete 
|  30|0x00000000e1e00000, 0x00000000e1f00000, 0x00000000e1f00000|100%|HC|  |TAMS 0x00000000e1f00000, 0x00000000e1e00000| Complete 
|  31|0x00000000e1f00000, 0x00000000e2000000, 0x00000000e2000000|100%|HC|  |TAMS 0x00000000e2000000, 0x00000000e1f00000| Complete 
|  32|0x00000000e2000000, 0x00000000e2100000, 0x00000000e2100000|100%|HC|  |TAMS 0x00000000e2100000, 0x00000000e2000000| Complete 
|  33|0x00000000e2100000, 0x00000000e2200000, 0x00000000e2200000|100%|HC|  |TAMS 0x00000000e2200000, 0x00000000e2100000| Complete 
|  34|0x00000000e2200000, 0x00000000e2300000, 0x00000000e2300000|100%|HS|  |TAMS 0x00000000e2300000, 0x00000000e2200000| Complete 
|  35|0x00000000e2300000, 0x00000000e2400000, 0x00000000e2400000|100%|HC|  |TAMS 0x00000000e2400000, 0x00000000e2300000| Complete 
|  36|0x00000000e2400000, 0x00000000e2500000, 0x00000000e2500000|100%|HS|  |TAMS 0x00000000e2500000, 0x00000000e2400000| Complete 
|  37|0x00000000e2500000, 0x00000000e2600000, 0x00000000e2600000|100%|HC|  |TAMS 0x00000000e2600000, 0x00000000e2500000| Complete 
|  38|0x00000000e2600000, 0x00000000e2700000, 0x00000000e2700000|100%|HC|  |TAMS 0x00000000e2700000, 0x00000000e2600000| Complete 
|  39|0x00000000e2700000, 0x00000000e2800000, 0x00000000e2800000|100%|HC|  |TAMS 0x00000000e2800000, 0x00000000e2700000| Complete 
|  40|0x00000000e2800000, 0x00000000e2900000, 0x00000000e2900000|100%|HC|  |TAMS 0x00000000e2900000, 0x00000000e2800000| Complete 
|  41|0x00000000e2900000, 0x00000000e2a00000, 0x00000000e2a00000|100%|HC|  |TAMS 0x00000000e2a00000, 0x00000000e2900000| Complete 
|  42|0x00000000e2a00000, 0x00000000e2b00000, 0x00000000e2b00000|100%|HS|  |TAMS 0x00000000e2b00000, 0x00000000e2a00000| Complete 
|  43|0x00000000e2b00000, 0x00000000e2b00000, 0x00000000e2c00000|  0%| F|  |TAMS 0x00000000e2b00000, 0x00000000e2b00000| Untracked 
|  44|0x00000000e2c00000, 0x00000000e2c00000, 0x00000000e2d00000|  0%| F|  |TAMS 0x00000000e2c00000, 0x00000000e2c00000| Untracked 
|  45|0x00000000e2d00000, 0x00000000e2d00000, 0x00000000e2e00000|  0%| F|  |TAMS 0x00000000e2d00000, 0x00000000e2d00000| Untracked 
|  46|0x00000000e2e00000, 0x00000000e2f00000, 0x00000000e2f00000|100%|HS|  |TAMS 0x00000000e2e00000, 0x00000000e2e00000| Complete 
|  47|0x00000000e2f00000, 0x00000000e3000000, 0x00000000e3000000|100%|HC|  |TAMS 0x00000000e2f00000, 0x00000000e2f00000| Complete 
|  48|0x00000000e3000000, 0x00000000e3100000, 0x00000000e3100000|100%|HS|  |TAMS 0x00000000e3000000, 0x00000000e3000000| Complete 
|  49|0x00000000e3100000, 0x00000000e3200000, 0x00000000e3200000|100%|HC|  |TAMS 0x00000000e3100000, 0x00000000e3100000| Complete 
|  50|0x00000000e3200000, 0x00000000e3300000, 0x00000000e3300000|100%|HC|  |TAMS 0x00000000e3200000, 0x00000000e3200000| Complete 
|  51|0x00000000e3300000, 0x00000000e3300000, 0x00000000e3400000|  0%| F|  |TAMS 0x00000000e3300000, 0x00000000e3300000| Untracked 
|  52|0x00000000e3400000, 0x00000000e34ce600, 0x00000000e3500000| 80%| O|  |TAMS 0x00000000e3400000, 0x00000000e3400000| Untracked 
|  53|0x00000000e3500000, 0x00000000e3500000, 0x00000000e3600000|  0%| F|  |TAMS 0x00000000e3500000, 0x00000000e3500000| Untracked 
|  54|0x00000000e3600000, 0x00000000e3600000, 0x00000000e3700000|  0%| F|  |TAMS 0x00000000e3600000, 0x00000000e3600000| Untracked 
|  55|0x00000000e3700000, 0x00000000e3700000, 0x00000000e3800000|  0%| F|  |TAMS 0x00000000e3700000, 0x00000000e3700000| Untracked 
|  56|0x00000000e3800000, 0x00000000e3800000, 0x00000000e3900000|  0%| F|  |TAMS 0x00000000e3800000, 0x00000000e3800000| Untracked 
|  57|0x00000000e3900000, 0x00000000e3900000, 0x00000000e3a00000|  0%| F|  |TAMS 0x00000000e3900000, 0x00000000e3900000| Untracked 
|  58|0x00000000e3a00000, 0x00000000e3a00000, 0x00000000e3b00000|  0%| F|  |TAMS 0x00000000e3a00000, 0x00000000e3a00000| Untracked 
|  59|0x00000000e3b00000, 0x00000000e3b00000, 0x00000000e3c00000|  0%| F|  |TAMS 0x00000000e3b00000, 0x00000000e3b00000| Untracked 
|  60|0x00000000e3c00000, 0x00000000e3c00000, 0x00000000e3d00000|  0%| F|  |TAMS 0x00000000e3c00000, 0x00000000e3c00000| Untracked 
|  61|0x00000000e3d00000, 0x00000000e3d00000, 0x00000000e3e00000|  0%| F|  |TAMS 0x00000000e3d00000, 0x00000000e3d00000| Untracked 
|  62|0x00000000e3e00000, 0x00000000e3e00000, 0x00000000e3f00000|  0%| F|  |TAMS 0x00000000e3e00000, 0x00000000e3e00000| Untracked 
|  63|0x00000000e3f00000, 0x00000000e3f00000, 0x00000000e4000000|  0%| F|  |TAMS 0x00000000e3f00000, 0x00000000e3f00000| Untracked 
|  64|0x00000000e4000000, 0x00000000e4000000, 0x00000000e4100000|  0%| F|  |TAMS 0x00000000e4000000, 0x00000000e4000000| Untracked 
|  65|0x00000000e4100000, 0x00000000e4100000, 0x00000000e4200000|  0%| F|  |TAMS 0x00000000e4100000, 0x00000000e4100000| Untracked 
|  66|0x00000000e4200000, 0x00000000e4200000, 0x00000000e4300000|  0%| F|  |TAMS 0x00000000e4200000, 0x00000000e4200000| Untracked 
|  67|0x00000000e4300000, 0x00000000e4300000, 0x00000000e4400000|  0%| F|  |TAMS 0x00000000e4300000, 0x00000000e4300000| Untracked 
|  68|0x00000000e4400000, 0x00000000e4400000, 0x00000000e4500000|  0%| F|  |TAMS 0x00000000e4400000, 0x00000000e4400000| Untracked 
|  69|0x00000000e4500000, 0x00000000e4500000, 0x00000000e4600000|  0%| F|  |TAMS 0x00000000e4500000, 0x00000000e4500000| Untracked 
|  70|0x00000000e4600000, 0x00000000e4600000, 0x00000000e4700000|  0%| F|  |TAMS 0x00000000e4600000, 0x00000000e4600000| Untracked 
|  71|0x00000000e4700000, 0x00000000e4700000, 0x00000000e4800000|  0%| F|  |TAMS 0x00000000e4700000, 0x00000000e4700000| Untracked 
|  72|0x00000000e4800000, 0x00000000e4800000, 0x00000000e4900000|  0%| F|  |TAMS 0x00000000e4800000, 0x00000000e4800000| Untracked 
|  73|0x00000000e4900000, 0x00000000e4900000, 0x00000000e4a00000|  0%| F|  |TAMS 0x00000000e4900000, 0x00000000e4900000| Untracked 
|  74|0x00000000e4a00000, 0x00000000e4a00000, 0x00000000e4b00000|  0%| F|  |TAMS 0x00000000e4a00000, 0x00000000e4a00000| Untracked 
|  75|0x00000000e4b00000, 0x00000000e4b00000, 0x00000000e4c00000|  0%| F|  |TAMS 0x00000000e4b00000, 0x00000000e4b00000| Untracked 
|  76|0x00000000e4c00000, 0x00000000e4c00000, 0x00000000e4d00000|  0%| F|  |TAMS 0x00000000e4c00000, 0x00000000e4c00000| Untracked 
|  77|0x00000000e4d00000, 0x00000000e4d00000, 0x00000000e4e00000|  0%| F|  |TAMS 0x00000000e4d00000, 0x00000000e4d00000| Untracked 
|  78|0x00000000e4e00000, 0x00000000e4e00000, 0x00000000e4f00000|  0%| F|  |TAMS 0x00000000e4e00000, 0x00000000e4e00000| Untracked 
|  79|0x00000000e4f00000, 0x00000000e4f00000, 0x00000000e5000000|  0%| F|  |TAMS 0x00000000e4f00000, 0x00000000e4f00000| Untracked 
|  80|0x00000000e5000000, 0x00000000e5000000, 0x00000000e5100000|  0%| F|  |TAMS 0x00000000e5000000, 0x00000000e5000000| Untracked 
|  81|0x00000000e5100000, 0x00000000e5100000, 0x00000000e5200000|  0%| F|  |TAMS 0x00000000e5100000, 0x00000000e5100000| Untracked 
|  82|0x00000000e5200000, 0x00000000e5200000, 0x00000000e5300000|  0%| F|  |TAMS 0x00000000e5200000, 0x00000000e5200000| Untracked 
|  83|0x00000000e5300000, 0x00000000e5300000, 0x00000000e5400000|  0%| F|  |TAMS 0x00000000e5300000, 0x00000000e5300000| Untracked 
|  84|0x00000000e5400000, 0x00000000e5400000, 0x00000000e5500000|  0%| F|  |TAMS 0x00000000e5400000, 0x00000000e5400000| Untracked 
|  85|0x00000000e5500000, 0x00000000e5500000, 0x00000000e5600000|  0%| F|  |TAMS 0x00000000e5500000, 0x00000000e5500000| Untracked 
|  86|0x00000000e5600000, 0x00000000e5600000, 0x00000000e5700000|  0%| F|  |TAMS 0x00000000e5600000, 0x00000000e5600000| Untracked 
|  87|0x00000000e5700000, 0x00000000e5700000, 0x00000000e5800000|  0%| F|  |TAMS 0x00000000e5700000, 0x00000000e5700000| Untracked 
|  88|0x00000000e5800000, 0x00000000e5800000, 0x00000000e5900000|  0%| F|  |TAMS 0x00000000e5800000, 0x00000000e5800000| Untracked 
|  89|0x00000000e5900000, 0x00000000e5900000, 0x00000000e5a00000|  0%| F|  |TAMS 0x00000000e5900000, 0x00000000e5900000| Untracked 
|  90|0x00000000e5a00000, 0x00000000e5a00000, 0x00000000e5b00000|  0%| F|  |TAMS 0x00000000e5a00000, 0x00000000e5a00000| Untracked 
|  91|0x00000000e5b00000, 0x00000000e5b00000, 0x00000000e5c00000|  0%| F|  |TAMS 0x00000000e5b00000, 0x00000000e5b00000| Untracked 
|  92|0x00000000e5c00000, 0x00000000e5c00000, 0x00000000e5d00000|  0%| F|  |TAMS 0x00000000e5c00000, 0x00000000e5c00000| Untracked 
|  93|0x00000000e5d00000, 0x00000000e5d00000, 0x00000000e5e00000|  0%| F|  |TAMS 0x00000000e5d00000, 0x00000000e5d00000| Untracked 
|  94|0x00000000e5e00000, 0x00000000e5e00000, 0x00000000e5f00000|  0%| F|  |TAMS 0x00000000e5e00000, 0x00000000e5e00000| Untracked 
|  95|0x00000000e5f00000, 0x00000000e5f00000, 0x00000000e6000000|  0%| F|  |TAMS 0x00000000e5f00000, 0x00000000e5f00000| Untracked 
|  96|0x00000000e6000000, 0x00000000e6000000, 0x00000000e6100000|  0%| F|  |TAMS 0x00000000e6000000, 0x00000000e6000000| Untracked 
|  97|0x00000000e6100000, 0x00000000e6100000, 0x00000000e6200000|  0%| F|  |TAMS 0x00000000e6100000, 0x00000000e6100000| Untracked 
|  98|0x00000000e6200000, 0x00000000e6200000, 0x00000000e6300000|  0%| F|  |TAMS 0x00000000e6200000, 0x00000000e6200000| Untracked 
|  99|0x00000000e6300000, 0x00000000e6300000, 0x00000000e6400000|  0%| F|  |TAMS 0x00000000e6300000, 0x00000000e6300000| Untracked 
| 100|0x00000000e6400000, 0x00000000e6400000, 0x00000000e6500000|  0%| F|  |TAMS 0x00000000e6400000, 0x00000000e6400000| Untracked 
| 101|0x00000000e6500000, 0x00000000e6500000, 0x00000000e6600000|  0%| F|  |TAMS 0x00000000e6500000, 0x00000000e6500000| Untracked 
| 102|0x00000000e6600000, 0x00000000e6600000, 0x00000000e6700000|  0%| F|  |TAMS 0x00000000e6600000, 0x00000000e6600000| Untracked 
| 103|0x00000000e6700000, 0x00000000e6700000, 0x00000000e6800000|  0%| F|  |TAMS 0x00000000e6700000, 0x00000000e6700000| Untracked 
| 104|0x00000000e6800000, 0x00000000e6800000, 0x00000000e6900000|  0%| F|  |TAMS 0x00000000e6800000, 0x00000000e6800000| Untracked 
| 105|0x00000000e6900000, 0x00000000e6900000, 0x00000000e6a00000|  0%| F|  |TAMS 0x00000000e6900000, 0x00000000e6900000| Untracked 
| 106|0x00000000e6a00000, 0x00000000e6b00000, 0x00000000e6b00000|100%| S|CS|TAMS 0x00000000e6a00000, 0x00000000e6a00000| Complete 
| 107|0x00000000e6b00000, 0x00000000e6c00000, 0x00000000e6c00000|100%| S|CS|TAMS 0x00000000e6b00000, 0x00000000e6b00000| Complete 
| 108|0x00000000e6c00000, 0x00000000e6d00000, 0x00000000e6d00000|100%| S|CS|TAMS 0x00000000e6c00000, 0x00000000e6c00000| Complete 
| 109|0x00000000e6d00000, 0x00000000e6e00000, 0x00000000e6e00000|100%| S|CS|TAMS 0x00000000e6d00000, 0x00000000e6d00000| Complete 
| 110|0x00000000e6e00000, 0x00000000e6f00000, 0x00000000e6f00000|100%| S|CS|TAMS 0x00000000e6e00000, 0x00000000e6e00000| Complete 
| 111|0x00000000e6f00000, 0x00000000e7000000, 0x00000000e7000000|100%| S|CS|TAMS 0x00000000e6f00000, 0x00000000e6f00000| Complete 
| 112|0x00000000e7000000, 0x00000000e7100000, 0x00000000e7100000|100%| S|CS|TAMS 0x00000000e7000000, 0x00000000e7000000| Complete 
| 113|0x00000000e7100000, 0x00000000e7200000, 0x00000000e7200000|100%| S|CS|TAMS 0x00000000e7100000, 0x00000000e7100000| Complete 
| 114|0x00000000e7200000, 0x00000000e7300000, 0x00000000e7300000|100%| S|CS|TAMS 0x00000000e7200000, 0x00000000e7200000| Complete 
| 115|0x00000000e7300000, 0x00000000e7400000, 0x00000000e7400000|100%| S|CS|TAMS 0x00000000e7300000, 0x00000000e7300000| Complete 
| 116|0x00000000e7400000, 0x00000000e7500000, 0x00000000e7500000|100%| S|CS|TAMS 0x00000000e7400000, 0x00000000e7400000| Complete 
| 117|0x00000000e7500000, 0x00000000e7600000, 0x00000000e7600000|100%| S|CS|TAMS 0x00000000e7500000, 0x00000000e7500000| Complete 
| 118|0x00000000e7600000, 0x00000000e7700000, 0x00000000e7700000|100%| S|CS|TAMS 0x00000000e7600000, 0x00000000e7600000| Complete 
| 119|0x00000000e7700000, 0x00000000e7800000, 0x00000000e7800000|100%| S|CS|TAMS 0x00000000e7700000, 0x00000000e7700000| Complete 
| 120|0x00000000e7800000, 0x00000000e7900000, 0x00000000e7900000|100%| S|CS|TAMS 0x00000000e7800000, 0x00000000e7800000| Complete 
| 121|0x00000000e7900000, 0x00000000e7a00000, 0x00000000e7a00000|100%| S|CS|TAMS 0x00000000e7900000, 0x00000000e7900000| Complete 
| 122|0x00000000e7a00000, 0x00000000e7b00000, 0x00000000e7b00000|100%| S|CS|TAMS 0x00000000e7a00000, 0x00000000e7a00000| Complete 
| 123|0x00000000e7b00000, 0x00000000e7b00000, 0x00000000e7c00000|  0%| F|  |TAMS 0x00000000e7b00000, 0x00000000e7b00000| Untracked 
| 124|0x00000000e7c00000, 0x00000000e7c00000, 0x00000000e7d00000|  0%| F|  |TAMS 0x00000000e7c00000, 0x00000000e7c00000| Untracked 
| 125|0x00000000e7d00000, 0x00000000e7d00000, 0x00000000e7e00000|  0%| F|  |TAMS 0x00000000e7d00000, 0x00000000e7d00000| Untracked 
| 126|0x00000000e7e00000, 0x00000000e7e00000, 0x00000000e7f00000|  0%| F|  |TAMS 0x00000000e7e00000, 0x00000000e7e00000| Untracked 
| 127|0x00000000e7f00000, 0x00000000e7f00000, 0x00000000e8000000|  0%| F|  |TAMS 0x00000000e7f00000, 0x00000000e7f00000| Untracked 
| 128|0x00000000e8000000, 0x00000000e8000000, 0x00000000e8100000|  0%| F|  |TAMS 0x00000000e8000000, 0x00000000e8000000| Untracked 
| 129|0x00000000e8100000, 0x00000000e8100000, 0x00000000e8200000|  0%| F|  |TAMS 0x00000000e8100000, 0x00000000e8100000| Untracked 
| 130|0x00000000e8200000, 0x00000000e8200000, 0x00000000e8300000|  0%| F|  |TAMS 0x00000000e8200000, 0x00000000e8200000| Untracked 
| 131|0x00000000e8300000, 0x00000000e8300000, 0x00000000e8400000|  0%| F|  |TAMS 0x00000000e8300000, 0x00000000e8300000| Untracked 
| 132|0x00000000e8400000, 0x00000000e8400000, 0x00000000e8500000|  0%| F|  |TAMS 0x00000000e8400000, 0x00000000e8400000| Untracked 
| 133|0x00000000e8500000, 0x00000000e8500000, 0x00000000e8600000|  0%| F|  |TAMS 0x00000000e8500000, 0x00000000e8500000| Untracked 
| 134|0x00000000e8600000, 0x00000000e8600000, 0x00000000e8700000|  0%| F|  |TAMS 0x00000000e8600000, 0x00000000e8600000| Untracked 
| 135|0x00000000e8700000, 0x00000000e8700000, 0x00000000e8800000|  0%| F|  |TAMS 0x00000000e8700000, 0x00000000e8700000| Untracked 
| 136|0x00000000e8800000, 0x00000000e8800000, 0x00000000e8900000|  0%| F|  |TAMS 0x00000000e8800000, 0x00000000e8800000| Untracked 
| 137|0x00000000e8900000, 0x00000000e8900000, 0x00000000e8a00000|  0%| F|  |TAMS 0x00000000e8900000, 0x00000000e8900000| Untracked 
| 138|0x00000000e8a00000, 0x00000000e8a00000, 0x00000000e8b00000|  0%| F|  |TAMS 0x00000000e8a00000, 0x00000000e8a00000| Untracked 
| 139|0x00000000e8b00000, 0x00000000e8b00000, 0x00000000e8c00000|  0%| F|  |TAMS 0x00000000e8b00000, 0x00000000e8b00000| Untracked 
| 140|0x00000000e8c00000, 0x00000000e8c00000, 0x00000000e8d00000|  0%| F|  |TAMS 0x00000000e8c00000, 0x00000000e8c00000| Untracked 
| 141|0x00000000e8d00000, 0x00000000e8d00000, 0x00000000e8e00000|  0%| F|  |TAMS 0x00000000e8d00000, 0x00000000e8d00000| Untracked 
| 142|0x00000000e8e00000, 0x00000000e8e00000, 0x00000000e8f00000|  0%| F|  |TAMS 0x00000000e8e00000, 0x00000000e8e00000| Untracked 
| 143|0x00000000e8f00000, 0x00000000e8f00000, 0x00000000e9000000|  0%| F|  |TAMS 0x00000000e8f00000, 0x00000000e8f00000| Untracked 
| 144|0x00000000e9000000, 0x00000000e9000000, 0x00000000e9100000|  0%| F|  |TAMS 0x00000000e9000000, 0x00000000e9000000| Untracked 
| 145|0x00000000e9100000, 0x00000000e9100000, 0x00000000e9200000|  0%| F|  |TAMS 0x00000000e9100000, 0x00000000e9100000| Untracked 
| 146|0x00000000e9200000, 0x00000000e9200000, 0x00000000e9300000|  0%| F|  |TAMS 0x00000000e9200000, 0x00000000e9200000| Untracked 
| 147|0x00000000e9300000, 0x00000000e9300000, 0x00000000e9400000|  0%| F|  |TAMS 0x00000000e9300000, 0x00000000e9300000| Untracked 
| 148|0x00000000e9400000, 0x00000000e9400000, 0x00000000e9500000|  0%| F|  |TAMS 0x00000000e9400000, 0x00000000e9400000| Untracked 
| 149|0x00000000e9500000, 0x00000000e9500000, 0x00000000e9600000|  0%| F|  |TAMS 0x00000000e9500000, 0x00000000e9500000| Untracked 
| 150|0x00000000e9600000, 0x00000000e9600000, 0x00000000e9700000|  0%| F|  |TAMS 0x00000000e9600000, 0x00000000e9600000| Untracked 
| 151|0x00000000e9700000, 0x00000000e9700000, 0x00000000e9800000|  0%| F|  |TAMS 0x00000000e9700000, 0x00000000e9700000| Untracked 
| 152|0x00000000e9800000, 0x00000000e9800000, 0x00000000e9900000|  0%| F|  |TAMS 0x00000000e9800000, 0x00000000e9800000| Untracked 
| 153|0x00000000e9900000, 0x00000000e9900000, 0x00000000e9a00000|  0%| F|  |TAMS 0x00000000e9900000, 0x00000000e9900000| Untracked 
| 154|0x00000000e9a00000, 0x00000000e9a00000, 0x00000000e9b00000|  0%| F|  |TAMS 0x00000000e9a00000, 0x00000000e9a00000| Untracked 
| 155|0x00000000e9b00000, 0x00000000e9b00000, 0x00000000e9c00000|  0%| F|  |TAMS 0x00000000e9b00000, 0x00000000e9b00000| Untracked 
| 156|0x00000000e9c00000, 0x00000000e9c00000, 0x00000000e9d00000|  0%| F|  |TAMS 0x00000000e9c00000, 0x00000000e9c00000| Untracked 
| 157|0x00000000e9d00000, 0x00000000e9d00000, 0x00000000e9e00000|  0%| F|  |TAMS 0x00000000e9d00000, 0x00000000e9d00000| Untracked 
| 158|0x00000000e9e00000, 0x00000000e9e00000, 0x00000000e9f00000|  0%| F|  |TAMS 0x00000000e9e00000, 0x00000000e9e00000| Untracked 
| 159|0x00000000e9f00000, 0x00000000e9f00000, 0x00000000ea000000|  0%| F|  |TAMS 0x00000000e9f00000, 0x00000000e9f00000| Untracked 
| 160|0x00000000ea000000, 0x00000000ea000000, 0x00000000ea100000|  0%| F|  |TAMS 0x00000000ea000000, 0x00000000ea000000| Untracked 
| 161|0x00000000ea100000, 0x00000000ea100000, 0x00000000ea200000|  0%| F|  |TAMS 0x00000000ea100000, 0x00000000ea100000| Untracked 
| 162|0x00000000ea200000, 0x00000000ea300000, 0x00000000ea300000|100%| E|  |TAMS 0x00000000ea200000, 0x00000000ea200000| Complete 
| 163|0x00000000ea300000, 0x00000000ea400000, 0x00000000ea400000|100%| E|CS|TAMS 0x00000000ea300000, 0x00000000ea300000| Complete 
| 164|0x00000000ea400000, 0x00000000ea500000, 0x00000000ea500000|100%| E|CS|TAMS 0x00000000ea400000, 0x00000000ea400000| Complete 
| 165|0x00000000ea500000, 0x00000000ea600000, 0x00000000ea600000|100%| E|CS|TAMS 0x00000000ea500000, 0x00000000ea500000| Complete 
| 166|0x00000000ea600000, 0x00000000ea700000, 0x00000000ea700000|100%| E|CS|TAMS 0x00000000ea600000, 0x00000000ea600000| Complete 
| 167|0x00000000ea700000, 0x00000000ea800000, 0x00000000ea800000|100%| E|CS|TAMS 0x00000000ea700000, 0x00000000ea700000| Complete 
| 168|0x00000000ea800000, 0x00000000ea900000, 0x00000000ea900000|100%| E|CS|TAMS 0x00000000ea800000, 0x00000000ea800000| Complete 
| 169|0x00000000ea900000, 0x00000000eaa00000, 0x00000000eaa00000|100%| E|CS|TAMS 0x00000000ea900000, 0x00000000ea900000| Complete 
| 170|0x00000000eaa00000, 0x00000000eab00000, 0x00000000eab00000|100%| E|CS|TAMS 0x00000000eaa00000, 0x00000000eaa00000| Complete 
| 171|0x00000000eab00000, 0x00000000eac00000, 0x00000000eac00000|100%| E|CS|TAMS 0x00000000eab00000, 0x00000000eab00000| Complete 
| 172|0x00000000eac00000, 0x00000000ead00000, 0x00000000ead00000|100%| E|CS|TAMS 0x00000000eac00000, 0x00000000eac00000| Complete 
| 173|0x00000000ead00000, 0x00000000eae00000, 0x00000000eae00000|100%| E|CS|TAMS 0x00000000ead00000, 0x00000000ead00000| Complete 
| 174|0x00000000eae00000, 0x00000000eaf00000, 0x00000000eaf00000|100%| E|CS|TAMS 0x00000000eae00000, 0x00000000eae00000| Complete 
| 175|0x00000000eaf00000, 0x00000000eb000000, 0x00000000eb000000|100%| E|CS|TAMS 0x00000000eaf00000, 0x00000000eaf00000| Complete 
| 176|0x00000000eb000000, 0x00000000eb100000, 0x00000000eb100000|100%| E|CS|TAMS 0x00000000eb000000, 0x00000000eb000000| Complete 
| 177|0x00000000eb100000, 0x00000000eb200000, 0x00000000eb200000|100%| E|CS|TAMS 0x00000000eb100000, 0x00000000eb100000| Complete 
| 178|0x00000000eb200000, 0x00000000eb300000, 0x00000000eb300000|100%| E|CS|TAMS 0x00000000eb200000, 0x00000000eb200000| Complete 
| 179|0x00000000eb300000, 0x00000000eb400000, 0x00000000eb400000|100%| E|CS|TAMS 0x00000000eb300000, 0x00000000eb300000| Complete 
| 180|0x00000000eb400000, 0x00000000eb500000, 0x00000000eb500000|100%| E|CS|TAMS 0x00000000eb400000, 0x00000000eb400000| Complete 
| 181|0x00000000eb500000, 0x00000000eb600000, 0x00000000eb600000|100%| E|CS|TAMS 0x00000000eb500000, 0x00000000eb500000| Complete 
| 182|0x00000000eb600000, 0x00000000eb700000, 0x00000000eb700000|100%| E|CS|TAMS 0x00000000eb600000, 0x00000000eb600000| Complete 
| 183|0x00000000eb700000, 0x00000000eb800000, 0x00000000eb800000|100%| E|CS|TAMS 0x00000000eb700000, 0x00000000eb700000| Complete 
| 184|0x00000000eb800000, 0x00000000eb900000, 0x00000000eb900000|100%| E|CS|TAMS 0x00000000eb800000, 0x00000000eb800000| Complete 
| 185|0x00000000eb900000, 0x00000000eba00000, 0x00000000eba00000|100%| E|CS|TAMS 0x00000000eb900000, 0x00000000eb900000| Complete 
| 186|0x00000000eba00000, 0x00000000ebb00000, 0x00000000ebb00000|100%| E|CS|TAMS 0x00000000eba00000, 0x00000000eba00000| Complete 
| 187|0x00000000ebb00000, 0x00000000ebc00000, 0x00000000ebc00000|100%| E|CS|TAMS 0x00000000ebb00000, 0x00000000ebb00000| Complete 
| 188|0x00000000ebc00000, 0x00000000ebd00000, 0x00000000ebd00000|100%| E|CS|TAMS 0x00000000ebc00000, 0x00000000ebc00000| Complete 
| 189|0x00000000ebd00000, 0x00000000ebe00000, 0x00000000ebe00000|100%| E|CS|TAMS 0x00000000ebd00000, 0x00000000ebd00000| Complete 
| 190|0x00000000ebe00000, 0x00000000ebf00000, 0x00000000ebf00000|100%| E|CS|TAMS 0x00000000ebe00000, 0x00000000ebe00000| Complete 
| 191|0x00000000ebf00000, 0x00000000ec000000, 0x00000000ec000000|100%| E|CS|TAMS 0x00000000ebf00000, 0x00000000ebf00000| Complete 
| 192|0x00000000ec000000, 0x00000000ec100000, 0x00000000ec100000|100%| E|CS|TAMS 0x00000000ec000000, 0x00000000ec000000| Complete 
| 193|0x00000000ec100000, 0x00000000ec200000, 0x00000000ec200000|100%| E|CS|TAMS 0x00000000ec100000, 0x00000000ec100000| Complete 
| 194|0x00000000ec200000, 0x00000000ec300000, 0x00000000ec300000|100%| E|CS|TAMS 0x00000000ec200000, 0x00000000ec200000| Complete 
| 195|0x00000000ec300000, 0x00000000ec400000, 0x00000000ec400000|100%| E|CS|TAMS 0x00000000ec300000, 0x00000000ec300000| Complete 
| 196|0x00000000ec400000, 0x00000000ec500000, 0x00000000ec500000|100%| E|CS|TAMS 0x00000000ec400000, 0x00000000ec400000| Complete 
| 197|0x00000000ec500000, 0x00000000ec600000, 0x00000000ec600000|100%| E|CS|TAMS 0x00000000ec500000, 0x00000000ec500000| Complete 
| 198|0x00000000ec600000, 0x00000000ec700000, 0x00000000ec700000|100%| E|CS|TAMS 0x00000000ec600000, 0x00000000ec600000| Complete 
| 199|0x00000000ec700000, 0x00000000ec800000, 0x00000000ec800000|100%| E|CS|TAMS 0x00000000ec700000, 0x00000000ec700000| Complete 
| 200|0x00000000ec800000, 0x00000000ec900000, 0x00000000ec900000|100%| E|CS|TAMS 0x00000000ec800000, 0x00000000ec800000| Complete 
| 201|0x00000000ec900000, 0x00000000eca00000, 0x00000000eca00000|100%| E|CS|TAMS 0x00000000ec900000, 0x00000000ec900000| Complete 
| 202|0x00000000eca00000, 0x00000000ecb00000, 0x00000000ecb00000|100%| E|CS|TAMS 0x00000000eca00000, 0x00000000eca00000| Complete 
| 203|0x00000000ecb00000, 0x00000000ecc00000, 0x00000000ecc00000|100%| E|CS|TAMS 0x00000000ecb00000, 0x00000000ecb00000| Complete 
| 204|0x00000000ecc00000, 0x00000000ecd00000, 0x00000000ecd00000|100%| E|CS|TAMS 0x00000000ecc00000, 0x00000000ecc00000| Complete 
| 205|0x00000000ecd00000, 0x00000000ece00000, 0x00000000ece00000|100%| E|CS|TAMS 0x00000000ecd00000, 0x00000000ecd00000| Complete 
| 206|0x00000000ece00000, 0x00000000ecf00000, 0x00000000ecf00000|100%| E|CS|TAMS 0x00000000ece00000, 0x00000000ece00000| Complete 
| 207|0x00000000ecf00000, 0x00000000ed000000, 0x00000000ed000000|100%| E|CS|TAMS 0x00000000ecf00000, 0x00000000ecf00000| Complete 
| 208|0x00000000ed000000, 0x00000000ed100000, 0x00000000ed100000|100%| E|CS|TAMS 0x00000000ed000000, 0x00000000ed000000| Complete 
| 209|0x00000000ed100000, 0x00000000ed200000, 0x00000000ed200000|100%| E|CS|TAMS 0x00000000ed100000, 0x00000000ed100000| Complete 
| 210|0x00000000ed200000, 0x00000000ed300000, 0x00000000ed300000|100%| E|CS|TAMS 0x00000000ed200000, 0x00000000ed200000| Complete 
| 211|0x00000000ed300000, 0x00000000ed400000, 0x00000000ed400000|100%| E|CS|TAMS 0x00000000ed300000, 0x00000000ed300000| Complete 
| 212|0x00000000ed400000, 0x00000000ed500000, 0x00000000ed500000|100%| E|CS|TAMS 0x00000000ed400000, 0x00000000ed400000| Complete 
| 213|0x00000000ed500000, 0x00000000ed600000, 0x00000000ed600000|100%| E|CS|TAMS 0x00000000ed500000, 0x00000000ed500000| Complete 
| 214|0x00000000ed600000, 0x00000000ed700000, 0x00000000ed700000|100%| E|CS|TAMS 0x00000000ed600000, 0x00000000ed600000| Complete 
| 215|0x00000000ed700000, 0x00000000ed800000, 0x00000000ed800000|100%| E|CS|TAMS 0x00000000ed700000, 0x00000000ed700000| Complete 
| 216|0x00000000ed800000, 0x00000000ed900000, 0x00000000ed900000|100%| E|CS|TAMS 0x00000000ed800000, 0x00000000ed800000| Complete 
| 217|0x00000000ed900000, 0x00000000eda00000, 0x00000000eda00000|100%| E|CS|TAMS 0x00000000ed900000, 0x00000000ed900000| Complete 
| 218|0x00000000eda00000, 0x00000000edb00000, 0x00000000edb00000|100%| E|CS|TAMS 0x00000000eda00000, 0x00000000eda00000| Complete 
| 219|0x00000000edb00000, 0x00000000edc00000, 0x00000000edc00000|100%| E|CS|TAMS 0x00000000edb00000, 0x00000000edb00000| Complete 
| 220|0x00000000edc00000, 0x00000000edd00000, 0x00000000edd00000|100%| E|CS|TAMS 0x00000000edc00000, 0x00000000edc00000| Complete 
| 221|0x00000000edd00000, 0x00000000ede00000, 0x00000000ede00000|100%| E|CS|TAMS 0x00000000edd00000, 0x00000000edd00000| Complete 
| 222|0x00000000ede00000, 0x00000000edf00000, 0x00000000edf00000|100%| E|CS|TAMS 0x00000000ede00000, 0x00000000ede00000| Complete 
| 223|0x00000000edf00000, 0x00000000ee000000, 0x00000000ee000000|100%| E|CS|TAMS 0x00000000edf00000, 0x00000000edf00000| Complete 
| 224|0x00000000ee000000, 0x00000000ee100000, 0x00000000ee100000|100%| E|CS|TAMS 0x00000000ee000000, 0x00000000ee000000| Complete 
| 225|0x00000000ee100000, 0x00000000ee200000, 0x00000000ee200000|100%| E|CS|TAMS 0x00000000ee100000, 0x00000000ee100000| Complete 
| 226|0x00000000ee200000, 0x00000000ee300000, 0x00000000ee300000|100%| E|CS|TAMS 0x00000000ee200000, 0x00000000ee200000| Complete 
| 227|0x00000000ee300000, 0x00000000ee400000, 0x00000000ee400000|100%| E|CS|TAMS 0x00000000ee300000, 0x00000000ee300000| Complete 
| 228|0x00000000ee400000, 0x00000000ee500000, 0x00000000ee500000|100%| E|CS|TAMS 0x00000000ee400000, 0x00000000ee400000| Complete 
| 229|0x00000000ee500000, 0x00000000ee600000, 0x00000000ee600000|100%| E|CS|TAMS 0x00000000ee500000, 0x00000000ee500000| Complete 
| 230|0x00000000ee600000, 0x00000000ee700000, 0x00000000ee700000|100%| E|CS|TAMS 0x00000000ee600000, 0x00000000ee600000| Complete 
| 231|0x00000000ee700000, 0x00000000ee800000, 0x00000000ee800000|100%| E|CS|TAMS 0x00000000ee700000, 0x00000000ee700000| Complete 
| 232|0x00000000ee800000, 0x00000000ee900000, 0x00000000ee900000|100%| E|CS|TAMS 0x00000000ee800000, 0x00000000ee800000| Complete 
| 233|0x00000000ee900000, 0x00000000eea00000, 0x00000000eea00000|100%| E|CS|TAMS 0x00000000ee900000, 0x00000000ee900000| Complete 
| 234|0x00000000eea00000, 0x00000000eeb00000, 0x00000000eeb00000|100%| E|CS|TAMS 0x00000000eea00000, 0x00000000eea00000| Complete 
| 235|0x00000000eeb00000, 0x00000000eec00000, 0x00000000eec00000|100%| E|CS|TAMS 0x00000000eeb00000, 0x00000000eeb00000| Complete 
| 236|0x00000000eec00000, 0x00000000eed00000, 0x00000000eed00000|100%| E|CS|TAMS 0x00000000eec00000, 0x00000000eec00000| Complete 
| 237|0x00000000eed00000, 0x00000000eee00000, 0x00000000eee00000|100%| E|CS|TAMS 0x00000000eed00000, 0x00000000eed00000| Complete 
| 238|0x00000000eee00000, 0x00000000eef00000, 0x00000000eef00000|100%| E|CS|TAMS 0x00000000eee00000, 0x00000000eee00000| Complete 
| 239|0x00000000eef00000, 0x00000000ef000000, 0x00000000ef000000|100%| E|CS|TAMS 0x00000000eef00000, 0x00000000eef00000| Complete 
| 240|0x00000000ef000000, 0x00000000ef100000, 0x00000000ef100000|100%| E|CS|TAMS 0x00000000ef000000, 0x00000000ef000000| Complete 
| 241|0x00000000ef100000, 0x00000000ef200000, 0x00000000ef200000|100%| E|CS|TAMS 0x00000000ef100000, 0x00000000ef100000| Complete 
| 242|0x00000000ef200000, 0x00000000ef300000, 0x00000000ef300000|100%| E|CS|TAMS 0x00000000ef200000, 0x00000000ef200000| Complete 
| 243|0x00000000ef300000, 0x00000000ef400000, 0x00000000ef400000|100%| E|CS|TAMS 0x00000000ef300000, 0x00000000ef300000| Complete 
| 244|0x00000000ef400000, 0x00000000ef500000, 0x00000000ef500000|100%| E|CS|TAMS 0x00000000ef400000, 0x00000000ef400000| Complete 
| 245|0x00000000ef500000, 0x00000000ef600000, 0x00000000ef600000|100%| E|CS|TAMS 0x00000000ef500000, 0x00000000ef500000| Complete 
| 246|0x00000000ef600000, 0x00000000ef700000, 0x00000000ef700000|100%| E|CS|TAMS 0x00000000ef600000, 0x00000000ef600000| Complete 
| 247|0x00000000ef700000, 0x00000000ef800000, 0x00000000ef800000|100%| E|CS|TAMS 0x00000000ef700000, 0x00000000ef700000| Complete 
| 248|0x00000000ef800000, 0x00000000ef900000, 0x00000000ef900000|100%| E|CS|TAMS 0x00000000ef800000, 0x00000000ef800000| Complete 
| 249|0x00000000ef900000, 0x00000000efa00000, 0x00000000efa00000|100%| E|CS|TAMS 0x00000000ef900000, 0x00000000ef900000| Complete 
| 250|0x00000000efa00000, 0x00000000efb00000, 0x00000000efb00000|100%| E|CS|TAMS 0x00000000efa00000, 0x00000000efa00000| Complete 
| 251|0x00000000efb00000, 0x00000000efc00000, 0x00000000efc00000|100%| E|CS|TAMS 0x00000000efb00000, 0x00000000efb00000| Complete 
| 252|0x00000000efc00000, 0x00000000efd00000, 0x00000000efd00000|100%| E|CS|TAMS 0x00000000efc00000, 0x00000000efc00000| Complete 
| 253|0x00000000efd00000, 0x00000000efe00000, 0x00000000efe00000|100%| E|CS|TAMS 0x00000000efd00000, 0x00000000efd00000| Complete 
| 254|0x00000000efe00000, 0x00000000eff00000, 0x00000000eff00000|100%| E|CS|TAMS 0x00000000efe00000, 0x00000000efe00000| Complete 
| 255|0x00000000eff00000, 0x00000000f0000000, 0x00000000f0000000|100%| E|CS|TAMS 0x00000000eff00000, 0x00000000eff00000| Complete 

Card table byte_map: [0x000001b19f080000,0x000001b19f180000] _byte_map_base: 0x000001b19e980000

Marking Bits (Prev, Next): (CMBitMap*) 0x000001b19f3bdff8, (CMBitMap*) 0x000001b19f3be030
 Prev Bits: [0x000001b1b5a80000, 0x000001b1b6280000)
 Next Bits: [0x000001b1b6280000, 0x000001b1b6a80000)

Polling page: 0x000001b19d340000

Metaspace:

Usage:
  Non-class:     47.40 MB capacity,    46.50 MB ( 98%) used,   761.93 KB (  2%) free+waste,   164.62 KB ( <1%) overhead. 
      Class:      7.75 MB capacity,     7.08 MB ( 91%) used,   598.74 KB (  8%) free+waste,    83.94 KB (  1%) overhead. 
       Both:     55.15 MB capacity,    53.58 MB ( 97%) used,     1.33 MB (  2%) free+waste,   248.56 KB ( <1%) overhead. 

Virtual space:
  Non-class space:       48.00 MB reserved,      47.50 MB ( 99%) committed 
      Class space:      248.00 MB reserved,       7.75 MB (  3%) committed 
             Both:      296.00 MB reserved,      55.25 MB ( 19%) committed 

Chunk freelists:
   Non-Class:  4.25 KB
       Class:  256 bytes
        Both:  4.50 KB

CodeHeap 'non-profiled nmethods': size=120064Kb used=2763Kb max_used=2763Kb free=117301Kb
 bounds [0x000001b1ae540000, 0x000001b1ae800000, 0x000001b1b5a80000]
CodeHeap 'profiled nmethods': size=120000Kb used=10912Kb max_used=10912Kb free=109087Kb
 bounds [0x000001b1a7010000, 0x000001b1a7ac0000, 0x000001b1ae540000]
CodeHeap 'non-nmethods': size=5696Kb used=2248Kb max_used=2276Kb free=3447Kb
 bounds [0x000001b1a6a80000, 0x000001b1a6cf0000, 0x000001b1a7010000]
 total_blobs=5842 nmethods=5007 adapters=745
 compilation: enabled
              stopped_count=0, restarted_count=0
 full_count=0

Compilation events (10 events):
Event: 47.288 Thread 0x000001b1b8e79000 5004       3       org.gradle.api.internal.DefaultDomainObjectCollection::assertMutable (12 bytes)
Event: 47.288 Thread 0x000001b1b8e79000 nmethod 5004 0x000001b1a7ab0590 code [0x000001b1a7ab0740, 0x000001b1a7ab09b8]
Event: 47.288 Thread 0x000001b1b8e79000 5005       3       org.gradle.api.internal.AbstractMutationGuard::assertMutationAllowed (28 bytes)
Event: 47.290 Thread 0x000001b1b8e79000 nmethod 5005 0x000001b1a7ab0a90 code [0x000001b1a7ab0dc0, 0x000001b1a7ab2358]
Event: 47.296 Thread 0x000001b1b8e79000 5006       3       sun.reflect.generics.tree.Wildcard::accept (8 bytes)
Event: 47.297 Thread 0x000001b1b8e79000 nmethod 5006 0x000001b1a7ab2a10 code [0x000001b1a7ab2c20, 0x000001b1a7ab3398]
Event: 47.306 Thread 0x000001b1b8e79000 5009       3       sun.reflect.generics.tree.TypeVariableSignature::accept (8 bytes)
Event: 47.306 Thread 0x000001b1b8e79000 nmethod 5009 0x000001b1a7ab3690 code [0x000001b1a7ab3860, 0x000001b1a7ab3c68]
Event: 47.312 Thread 0x000001b1b8e79000 5010       3       org.gradle.internal.instantiation.generator.AsmBackedClassGenerator$ClassBuilderImpl::access$6700 (4 bytes)
Event: 47.313 Thread 0x000001b1b8e79000 nmethod 5010 0x000001b1a7ab3e90 code [0x000001b1a7ab4020, 0x000001b1a7ab4118]

GC Heap History (10 events):
Event: 17.251 GC heap before
{Heap before GC invocations=5 (full 0):
 garbage-first heap   total 262144K, used 48455K [0x00000000e0000000, 0x0000000100000000)
  region size 1024K, 35 young (35840K), 3 survivors (3072K)
 Metaspace       used 20319K, capacity 20796K, committed 20864K, reserved 272384K
  class space    used 2445K, capacity 2636K, committed 2688K, reserved 253952K
}
Event: 17.264 GC heap after
{Heap after GC invocations=6 (full 0):
 garbage-first heap   total 262144K, used 17485K [0x00000000e0000000, 0x0000000100000000)
  region size 1024K, 2 young (2048K), 2 survivors (2048K)
 Metaspace       used 20319K, capacity 20796K, committed 20864K, reserved 272384K
  class space    used 2445K, capacity 2636K, committed 2688K, reserved 253952K
}
Event: 17.439 GC heap before
{Heap before GC invocations=6 (full 0):
 garbage-first heap   total 262144K, used 21581K [0x00000000e0000000, 0x0000000100000000)
  region size 1024K, 7 young (7168K), 2 survivors (2048K)
 Metaspace       used 20680K, capacity 21119K, committed 21248K, reserved 272384K
  class space    used 2518K, capacity 2701K, committed 2816K, reserved 253952K
}
Event: 17.453 GC heap after
{Heap after GC invocations=7 (full 0):
 garbage-first heap   total 262144K, used 17782K [0x00000000e0000000, 0x0000000100000000)
  region size 1024K, 3 young (3072K), 3 survivors (3072K)
 Metaspace       used 20680K, capacity 21119K, committed 21248K, reserved 272384K
  class space    used 2518K, capacity 2701K, committed 2816K, reserved 253952K
}
Event: 22.200 GC heap before
{Heap before GC invocations=8 (full 0):
 garbage-first heap   total 262144K, used 58742K [0x00000000e0000000, 0x0000000100000000)
  region size 1024K, 43 young (44032K), 3 survivors (3072K)
 Metaspace       used 24499K, capacity 25179K, committed 25472K, reserved 276480K
  class space    used 3152K, capacity 3403K, committed 3456K, reserved 253952K
}
Event: 22.230 GC heap after
{Heap after GC invocations=9 (full 0):
 garbage-first heap   total 262144K, used 19001K [0x00000000e0000000, 0x0000000100000000)
  region size 1024K, 4 young (4096K), 4 survivors (4096K)
 Metaspace       used 24499K, capacity 25179K, committed 25472K, reserved 276480K
  class space    used 3152K, capacity 3403K, committed 3456K, reserved 253952K
}
Event: 32.579 GC heap before
{Heap before GC invocations=9 (full 0):
 garbage-first heap   total 262144K, used 153145K [0x00000000e0000000, 0x0000000100000000)
  region size 1024K, 109 young (111616K), 4 survivors (4096K)
 Metaspace       used 34870K, capacity 35811K, committed 35840K, reserved 284672K
  class space    used 4749K, capacity 5100K, committed 5120K, reserved 253952K
}
Event: 32.609 GC heap after
{Heap after GC invocations=10 (full 0):
 garbage-first heap   total 262144K, used 52706K [0x00000000e0000000, 0x0000000100000000)
  region size 1024K, 10 young (10240K), 10 survivors (10240K)
 Metaspace       used 34870K, capacity 35811K, committed 35840K, reserved 284672K
  class space    used 4749K, capacity 5100K, committed 5120K, reserved 253952K
}
Event: 40.656 GC heap before
{Heap before GC invocations=11 (full 0):
 garbage-first heap   total 262144K, used 186850K [0x00000000e0000000, 0x0000000100000000)
  region size 1024K, 133 young (136192K), 10 survivors (10240K)
 Metaspace       used 47393K, capacity 48682K, committed 48768K, reserved 296960K
  class space    used 6054K, capacity 6526K, committed 6528K, reserved 253952K
}
Event: 40.736 GC heap after
{Heap after GC invocations=12 (full 0):
 garbage-first heap   total 262144K, used 67385K [0x00000000e0000000, 0x0000000100000000)
  region size 1024K, 17 young (17408K), 17 survivors (17408K)
 Metaspace       used 47393K, capacity 48682K, committed 48768K, reserved 296960K
  class space    used 6054K, capacity 6526K, committed 6528K, reserved 253952K
}

Deoptimization events (10 events):
Event: 44.670 Thread 0x000001b1baa77800 Uncommon trap: reason=class_check action=maybe_recompile pc=0x000001b1ae723ac0 method=java.util.stream.MatchOps$MatchOp.evaluateSequential(Ljava/util/stream/PipelineHelper;Ljava/util/Spliterator;)Ljava/lang/Boolean; @ 14 c2
Event: 44.757 Thread 0x000001b1bb249000 Uncommon trap: reason=intrinsic_or_type_checked_inlining action=make_not_entrant pc=0x000001b1ae7c7a7c method=java.util.ArrayList.toArray([Ljava/lang/Object;)[Ljava/lang/Object; @ 36 c2
Event: 44.758 Thread 0x000001b1bb247800 Uncommon trap: reason=intrinsic_or_type_checked_inlining action=make_not_entrant pc=0x000001b1ae7c7a7c method=java.util.ArrayList.toArray([Ljava/lang/Object;)[Ljava/lang/Object; @ 36 c2
Event: 45.043 Thread 0x000001b1baa77800 Uncommon trap: reason=unstable_if action=reinterpret pc=0x000001b1ae71b788 method=org.objectweb.asm.Frame.execute(IILorg/objectweb/asm/Symbol;Lorg/objectweb/asm/SymbolTable;)V @ 1 c2
Event: 46.659 Thread 0x000001b1baa77800 Uncommon trap: reason=predicate action=maybe_recompile pc=0x000001b1ae7e3a20 method=java.util.AbstractCollection.toArray([Ljava/lang/Object;)[Ljava/lang/Object; @ 43 c2
Event: 46.669 Thread 0x000001b1baa77800 Uncommon trap: reason=array_check action=maybe_recompile pc=0x000001b1ae7e4784 method=java.util.AbstractCollection.toArray([Ljava/lang/Object;)[Ljava/lang/Object; @ 116 c2
Event: 46.669 Thread 0x000001b1baa77800 Uncommon trap: reason=array_check action=maybe_recompile pc=0x000001b1ae7e4784 method=java.util.AbstractCollection.toArray([Ljava/lang/Object;)[Ljava/lang/Object; @ 116 c2
Event: 46.669 Thread 0x000001b1baa77800 Uncommon trap: reason=array_check action=maybe_recompile pc=0x000001b1ae7e4784 method=java.util.AbstractCollection.toArray([Ljava/lang/Object;)[Ljava/lang/Object; @ 116 c2
Event: 46.669 Thread 0x000001b1baa77800 Uncommon trap: reason=array_check action=maybe_recompile pc=0x000001b1ae7e4784 method=java.util.AbstractCollection.toArray([Ljava/lang/Object;)[Ljava/lang/Object; @ 116 c2
Event: 46.829 Thread 0x000001b1baa77800 Uncommon trap: reason=unstable_if action=reinterpret pc=0x000001b1ae7a1a48 method=java.security.SecureClassLoader$CodeSourceKey.hashCode()I @ 9 c2

Classes redefined (0 events):
No events

Internal exceptions (10 events):
Event: 44.223 Thread 0x000001b1baa77800 Exception <a 'java/lang/NoSuchMethodError'{0x00000000ec6ca830}: java.lang.invoke.DelegatingMethodHandle$Holder.reinvoke_L(Ljava/lang/Object;Ljava/lang/Object;Ljava/lang/Object;Ljava/lang/Object;Ljava/lang/Object;Ljava/lang/Object;Ljava/lang/Object;Ljava/l
Event: 45.041 Thread 0x000001b1baa77800 Exception <a 'java/lang/NoSuchMethodError'{0x00000000eb5e6410}: java.lang.invoke.DirectMethodHandle$Holder.invokeStatic(Ljava/lang/Object;Ljava/lang/Object;Ljava/lang/Object;Ljava/lang/Object;I)Ljava/lang/Object;> (0x00000000eb5e6410) thrown at [./open/sr
Event: 45.042 Thread 0x000001b1baa77800 Exception <a 'java/lang/NoSuchMethodError'{0x00000000eb5eaff0}: java.lang.invoke.DirectMethodHandle$Holder.invokeSpecial(Ljava/lang/Object;Ljava/lang/Object;Ljava/lang/Object;Ljava/lang/Object;Ljava/lang/Object;I)Ljava/lang/Object;> (0x00000000eb5eaff0) t
Event: 45.042 Thread 0x000001b1baa77800 Exception <a 'java/lang/NoSuchMethodError'{0x00000000eb5ef720}: java.lang.invoke.Invokers$Holder.linkToTargetMethod(Ljava/lang/Object;Ljava/lang/Object;Ljava/lang/Object;ILjava/lang/Object;)Ljava/lang/Object;> (0x00000000eb5ef720) thrown at [./open/src/ho
Event: 45.295 Thread 0x000001b1baa77800 Exception <a 'java/lang/NoSuchMethodError'{0x00000000eb3839c8}: java.lang.invoke.DirectMethodHandle$Holder.invokeSpecial(Ljava/lang/Object;Ljava/lang/Object;IILjava/lang/Object;Ljava/lang/Object;Ljava/lang/Object;)Ljava/lang/Object;> (0x00000000eb3839c8) 
Event: 45.296 Thread 0x000001b1baa77800 Exception <a 'java/lang/NoSuchMethodError'{0x00000000eb388490}: java.lang.invoke.DelegatingMethodHandle$Holder.reinvoke_L(Ljava/lang/Object;IILjava/lang/Object;Ljava/lang/Object;Ljava/lang/Object;)Ljava/lang/Object;> (0x00000000eb388490) thrown at [./open
Event: 46.214 Thread 0x000001b1baa77800 Exception <a 'java/lang/IncompatibleClassChangeError'{0x00000000eb2e6838}: Found class java.lang.Object, but interface was expected> (0x00000000eb2e6838) thrown at [./open/src/hotspot/share/interpreter/linkResolver.cpp, line 838]
Event: 46.829 Thread 0x000001b1baa77800 Implicit null exception at 0x000001b1ae7a1854 to 0x000001b1ae7a1a38
Event: 47.217 Thread 0x000001b1baa77800 Exception <a 'java/lang/NoSuchMethodError'{0x00000000ea6ff1a8}: java.lang.invoke.DirectMethodHandle$Holder.invokeStatic(Ljava/lang/Object;ILjava/lang/Object;Ljava/lang/Object;Ljava/lang/Object;)Ljava/lang/Object;> (0x00000000ea6ff1a8) thrown at [./open/sr
Event: 47.218 Thread 0x000001b1baa77800 Exception <a 'java/lang/NoSuchMethodError'{0x00000000ea504110}: java.lang.invoke.DirectMethodHandle$Holder.invokeSpecial(Ljava/lang/Object;Ljava/lang/Object;ILjava/lang/Object;Ljava/lang/Object;Ljava/lang/Object;)Ljava/lang/Object;> (0x00000000ea504110) t

Events (10 events):
Event: 47.310 loading class org/gradle/api/plugins/jvm/JvmTestSuiteTarget
Event: 47.310 loading class org/gradle/api/plugins/jvm/JvmTestSuiteTarget done
Event: 47.310 loading class org/gradle/api/plugins/jvm/internal/DefaultJvmTestSuite
Event: 47.310 loading class org/gradle/api/plugins/jvm/internal/DefaultJvmTestSuite done
Event: 47.311 loading class org/gradle/api/plugins/jvm/JvmTestSuite
Event: 47.311 loading class org/gradle/api/plugins/jvm/JvmTestSuite done
Event: 47.311 loading class org/gradle/api/plugins/jvm/JvmTestSuiteTarget
Event: 47.311 loading class org/gradle/api/plugins/jvm/JvmTestSuiteTarget done
Event: 47.311 loading class org/gradle/api/plugins/jvm/JvmTestSuite
Event: 47.311 loading class org/gradle/api/plugins/jvm/JvmTestSuite done


Dynamic libraries:
0x00007ff7e94e0000 - 0x00007ff7e94f0000 	C:\Program Files\Java\jdk-11\bin\java.exe
0x00007ff9dcf90000 - 0x00007ff9dd188000 	C:\Windows\SYSTEM32\ntdll.dll
0x00007ff9dafd0000 - 0x00007ff9db08f000 	C:\Windows\System32\KERNEL32.DLL
0x00007ff9daa30000 - 0x00007ff9dad02000 	C:\Windows\System32\KERNELBASE.dll
0x00007ff9da680000 - 0x00007ff9da780000 	C:\Windows\System32\ucrtbase.dll
0x00007ff9ca900000 - 0x00007ff9ca918000 	C:\Program Files\Java\jdk-11\bin\jli.dll
0x00007ff9dccd0000 - 0x00007ff9dcd7e000 	C:\Windows\System32\ADVAPI32.dll
0x00007ff9db580000 - 0x00007ff9db61e000 	C:\Windows\System32\msvcrt.dll
0x00007ff9db860000 - 0x00007ff9db8fc000 	C:\Windows\System32\sechost.dll
0x00007ff9db6f0000 - 0x00007ff9db815000 	C:\Windows\System32\RPCRT4.dll
0x00007ff9db350000 - 0x00007ff9db4f1000 	C:\Windows\System32\USER32.dll
0x00007ff9daa00000 - 0x00007ff9daa22000 	C:\Windows\System32\win32u.dll
0x00007ff9dcca0000 - 0x00007ff9dcccb000 	C:\Windows\System32\GDI32.dll
0x00007ff9da780000 - 0x00007ff9da88f000 	C:\Windows\System32\gdi32full.dll
0x00007ff9daee0000 - 0x00007ff9daf7d000 	C:\Windows\System32\msvcp_win.dll
0x00007ff9cab20000 - 0x00007ff9cab3b000 	C:\Program Files\Java\jdk-11\bin\VCRUNTIME140.dll
0x00007ff9cb8e0000 - 0x00007ff9cbb7a000 	C:\Windows\WinSxS\amd64_microsoft.windows.common-controls_6595b64144ccf1df_6.0.19041.1110_none_60b5254171f9507e\COMCTL32.dll
0x00007ff9d3750000 - 0x00007ff9d375a000 	C:\Windows\SYSTEM32\VERSION.dll
0x00007ff9db820000 - 0x00007ff9db852000 	C:\Windows\System32\IMM32.DLL
0x00007ff9cafe0000 - 0x00007ff9cafec000 	C:\Program Files\Java\jdk-11\bin\vcruntime140_1.dll
0x00007ff9b88b0000 - 0x00007ff9b893e000 	C:\Program Files\Java\jdk-11\bin\msvcp140.dll
0x00007ff9b7170000 - 0x00007ff9b7cd8000 	C:\Program Files\Java\jdk-11\bin\server\jvm.dll
0x00007ff9dbf10000 - 0x00007ff9dbf18000 	C:\Windows\System32\PSAPI.DLL
0x00007ff9ce460000 - 0x00007ff9ce469000 	C:\Windows\SYSTEM32\WSOCK32.dll
0x00007ff9db900000 - 0x00007ff9db96b000 	C:\Windows\System32\WS2_32.dll
0x00007ff9c7f30000 - 0x00007ff9c7f57000 	C:\Windows\SYSTEM32\WINMM.dll
0x00007ff9d8540000 - 0x00007ff9d8552000 	C:\Windows\SYSTEM32\kernel.appcore.dll
0x00007ff9c8dd0000 - 0x00007ff9c8de0000 	C:\Program Files\Java\jdk-11\bin\verify.dll
0x00007ff9cf7a0000 - 0x00007ff9cf984000 	C:\Windows\SYSTEM32\DBGHELP.DLL
0x00007ff9cfb80000 - 0x00007ff9cfbb5000 	C:\Windows\SYSTEM32\dbgcore.DLL
0x00007ff9da8c0000 - 0x00007ff9da942000 	C:\Windows\System32\bcryptPrimitives.dll
0x00007ff9c3250000 - 0x00007ff9c3278000 	C:\Program Files\Java\jdk-11\bin\java.dll
0x00007ff9c8d80000 - 0x00007ff9c8d8a000 	C:\Program Files\Java\jdk-11\bin\jimage.dll
0x00007ff9c8c90000 - 0x00007ff9c8ca7000 	C:\Program Files\Java\jdk-11\bin\zip.dll
0x00007ff9dc330000 - 0x00007ff9dca74000 	C:\Windows\System32\SHELL32.dll
0x00007ff9d8740000 - 0x00007ff9d8ed2000 	C:\Windows\SYSTEM32\windows.storage.dll
0x00007ff9dbfd0000 - 0x00007ff9dc325000 	C:\Windows\System32\combase.dll
0x00007ff9da000000 - 0x00007ff9da030000 	C:\Windows\SYSTEM32\Wldp.dll
0x00007ff9dbf20000 - 0x00007ff9dbfcd000 	C:\Windows\System32\SHCORE.dll
0x00007ff9db680000 - 0x00007ff9db6d5000 	C:\Windows\System32\shlwapi.dll
0x00007ff9da5c0000 - 0x00007ff9da5df000 	C:\Windows\SYSTEM32\profapi.dll
0x00007ff9c3230000 - 0x00007ff9c3249000 	C:\Program Files\Java\jdk-11\bin\net.dll
0x00007ff9d2db0000 - 0x00007ff9d2ebc000 	C:\Windows\SYSTEM32\WINHTTP.dll
0x00007ff9d9d60000 - 0x00007ff9d9dca000 	C:\Windows\system32\mswsock.dll
0x00007ff9c3210000 - 0x00007ff9c3222000 	C:\Program Files\Java\jdk-11\bin\nio.dll
0x00007ff9cb2f0000 - 0x00007ff9cb317000 	C:\Users\Developer\.gradle\native\68d5fa5c4cc2d200863cafc0d521ce42e7d3e7ee720ec0a83991735586a16f82\windows-amd64\native-platform.dll
0x00007ff9b6640000 - 0x00007ff9b6784000 	C:\Users\Developer\.gradle\native\e376f236ea51e6404a007f0833ffe2c6e607c4080706a723a18a27aeea778392\windows-amd64\native-platform-file-events.dll
0x00007ff9d6fe0000 - 0x00007ff9d6fe9000 	C:\Program Files\Java\jdk-11\bin\management.dll
0x00007ff9d6fd0000 - 0x00007ff9d6fdb000 	C:\Program Files\Java\jdk-11\bin\management_ext.dll
0x00007ff9d9f50000 - 0x00007ff9d9f68000 	C:\Windows\SYSTEM32\CRYPTSP.dll
0x00007ff9d9680000 - 0x00007ff9d96b4000 	C:\Windows\system32\rsaenh.dll
0x00007ff9da890000 - 0x00007ff9da8b7000 	C:\Windows\System32\bcrypt.dll
0x00007ff9da540000 - 0x00007ff9da56e000 	C:\Windows\SYSTEM32\USERENV.dll
0x00007ff9d9f70000 - 0x00007ff9d9f7c000 	C:\Windows\SYSTEM32\CRYPTBASE.dll
0x00007ff9d9a50000 - 0x00007ff9d9a8b000 	C:\Windows\SYSTEM32\IPHLPAPI.DLL
0x00007ff9dcc30000 - 0x00007ff9dcc38000 	C:\Windows\System32\NSI.dll
0x00007ff9d3990000 - 0x00007ff9d39a7000 	C:\Windows\SYSTEM32\dhcpcsvc6.DLL
0x00007ff9d38a0000 - 0x00007ff9d38bd000 	C:\Windows\SYSTEM32\dhcpcsvc.DLL
0x00007ff9d9aa0000 - 0x00007ff9d9b6a000 	C:\Windows\SYSTEM32\DNSAPI.dll

dbghelp: loaded successfully - version: 4.0.5 - missing functions: none
symbol engine: initialized successfully - sym options: 0x614 - pdb path: .;C:\Program Files\Java\jdk-11\bin;C:\Windows\SYSTEM32;C:\Windows\WinSxS\amd64_microsoft.windows.common-controls_6595b64144ccf1df_6.0.19041.1110_none_60b5254171f9507e;C:\Program Files\Java\jdk-11\bin\server;C:\Users\Developer\.gradle\native\68d5fa5c4cc2d200863cafc0d521ce42e7d3e7ee720ec0a83991735586a16f82\windows-amd64;C:\Users\Developer\.gradle\native\e376f236ea51e6404a007f0833ffe2c6e607c4080706a723a18a27aeea778392\windows-amd64

VM Arguments:
jvm_args: --add-opens=java.base/java.util=ALL-UNNAMED --add-opens=java.base/java.lang=ALL-UNNAMED --add-opens=java.base/java.lang.invoke=ALL-UNNAMED --add-opens=java.prefs/java.util.prefs=ALL-UNNAMED --add-opens=java.base/java.nio.charset=ALL-UNNAMED --add-opens=java.base/java.net=ALL-UNNAMED --add-opens=java.base/java.util.concurrent.atomic=ALL-UNNAMED -XX:MaxMetaspaceSize=256m -XX:+HeapDumpOnOutOfMemoryError -Xms256m -Xmx512m -Dfile.encoding=windows-1252 -Duser.country=US -Duser.language=en -Duser.variant 
java_command: org.gradle.launcher.daemon.bootstrap.GradleDaemon 7.6.1
java_class_path (initial): C:\Users\Developer\.gradle\wrapper\dists\gradle-7.6.1-bin\2clxi94ab3brv6467628wnxmd\gradle-7.6.1\lib\gradle-launcher-7.6.1.jar
Launcher Type: SUN_STANDARD

[Global flags]
     intx CICompilerCount                          = 2                                         {product} {ergonomic}
   size_t CompressedClassSpaceSize                 = 260046848                                 {product} {ergonomic}
     uint ConcGCThreads                            = 1                                         {product} {ergonomic}
     uint G1ConcRefinementThreads                  = 2                                         {product} {ergonomic}
   size_t G1HeapRegionSize                         = 1048576                                   {product} {ergonomic}
    uintx GCDrainStackTargetSize                   = 64                                        {product} {ergonomic}
     bool HeapDumpOnOutOfMemoryError               = true                                   {manageable} {command line}
   size_t InitialHeapSize                          = 268435456                                 {product} {command line}
   size_t MarkStackSize                            = 4194304                                   {product} {ergonomic}
   size_t MaxHeapSize                              = 536870912                                 {product} {command line}
   size_t MaxMetaspaceSize                         = 268435456                                 {product} {command line}
   size_t MaxNewSize                               = 321912832                                 {product} {ergonomic}
   size_t MinHeapDeltaBytes                        = 1048576                                   {product} {ergonomic}
    uintx NonNMethodCodeHeapSize                   = 5825164                                {pd product} {ergonomic}
    uintx NonProfiledCodeHeapSize                  = 122916538                              {pd product} {ergonomic}
    uintx ProfiledCodeHeapSize                     = 122916538                              {pd product} {ergonomic}
    uintx ReservedCodeCacheSize                    = 251658240                              {pd product} {ergonomic}
     bool SegmentedCodeCache                       = true                                      {product} {ergonomic}
     bool UseCompressedClassPointers               = true                                 {lp64_product} {ergonomic}
     bool UseCompressedOops                        = true                                 {lp64_product} {ergonomic}
     bool UseG1GC                                  = true                                      {product} {ergonomic}
     bool UseLargePagesIndividualAllocation        = false                                  {pd product} {ergonomic}

Logging:
Log output configuration:
 #0: stdout all=warning uptime,level,tags
 #1: stderr all=off uptime,level,tags

Environment Variables:
JAVA_HOME=C:\Program Files\Java\jdk-11
PATH=C:\Program Files\Java\jdk-11\bin;C:\Program Files\Common Files\Oracle\Java\javapath;C:\Windows\system32;C:\Windows;C:\Windows\System32\Wbem;C:\Windows\System32\WindowsPowerShell\v1.0\;C:\Windows\System32\OpenSSH\;C:\Program Files\Git\cmd;C:\Program Files\jq;C:\Users\Developer\AppData\Local\Microsoft\WindowsApps;;C:\Program Files\JetBrains\IntelliJ IDEA Community Edition 2023.1.2\bin;
USERNAME=Developer
OS=Windows_NT
PROCESSOR_IDENTIFIER=Intel64 Family 6 Model 142 Stepping 9, GenuineIntel



---------------  S Y S T E M  ---------------

OS: Windows 10 , 64 bit Build 19041 (10.0.19041.2364)

CPU:total 2 (initial active 2) (2 cores per cpu, 1 threads per core) family 6 model 142 stepping 9 microcode 0x0, cmov, cx8, fxsr, mmx, sse, sse2, sse3, ssse3, sse4.1, sse4.2, popcnt, avx, avx2, aes, clmul, 3dnowpref, lzcnt, tsc, tscinvbit, bmi1, bmi2

Memory: 4k page, system-wide physical 8091M (288M free)
TotalPageFile size 16213M (AvailPageFile size 4M)
current process WorkingSet (physical memory assigned to process): 350M, peak: 364M
current process commit charge ("private bytes"): 439M, peak: 452M

vm_info: Java HotSpot(TM) 64-Bit Server VM (11.0.18+9-LTS-195) for windows-amd64 JRE (11.0.18+9-LTS-195), built on Dec  6 2022 15:50:58 by "mach5one" with MS VC++ 17.1 (VS2022)

END.
